CRITICAL - 2023-03-16 09:48:55 --> Class 'Locale' not found
in SYSTEMPATH\CodeIgniter.php on line 194.
 1 ROOTPATH\spark(83): CodeIgniter\CodeIgniter->initialize()
CRITICAL - 2023-03-16 09:49:25 --> Class 'Locale' not found
in SYSTEMPATH\CodeIgniter.php on line 194.
 1 ROOTPATH\spark(83): CodeIgniter\CodeIgniter->initialize()
INFO - 2023-03-16 10:05:20 --> Session: Class initialized using 'CodeIgniter\Session\Handlers\FileHandler' driver.
ERROR - 2023-03-16 10:05:22 --> Error connecting to the database: mysqli_sql_exception: Unknown database 'diby' in C:\xampp\htdocs\diby-leather\vendor\codeigniter4\framework\system\Database\MySQLi\Connection.php:174
Stack trace:
#0 C:\xampp\htdocs\diby-leather\vendor\codeigniter4\framework\system\Database\MySQLi\Connection.php(174): mysqli->real_connect('localhost', 'root', '', 'diby', 3306, '', 0)
#1 C:\xampp\htdocs\diby-leather\vendor\codeigniter4\framework\system\Database\BaseConnection.php(391): CodeIgniter\Database\MySQLi\Connection->connect(false)
#2 C:\xampp\htdocs\diby-leather\vendor\codeigniter4\framework\system\Database\BaseConnection.php(573): CodeIgniter\Database\BaseConnection->initialize()
#3 C:\xampp\htdocs\diby-leather\vendor\codeigniter4\framework\system\Database\BaseBuilder.php(1602): CodeIgniter\Database\BaseConnection->query('SELECT *\nFROM `...', Array, false)
#4 C:\xampp\htdocs\diby-leather\app\Controllers\Guest\Home.php(30): CodeIgniter\Database\BaseBuilder->get()
#5 C:\xampp\htdocs\diby-leather\vendor\codeigniter4\framework\system\CodeIgniter.php(934): App\Controllers\Guest\Home->beranda()
#6 C:\xampp\htdocs\diby-leather\vendor\codeigniter4\framework\system\CodeIgniter.php(499): CodeIgniter\CodeIgniter->runController(Object(App\Controllers\Guest\Home))
#7 C:\xampp\htdocs\diby-leather\vendor\codeigniter4\framework\system\CodeIgniter.php(368): CodeIgniter\CodeIgniter->handleRequest(NULL, Object(Config\Cache), false)
#8 C:\xampp\htdocs\diby-leather\public\index.php(67): CodeIgniter\CodeIgniter->run()
#9 C:\xampp\htdocs\diby-leather\vendor\codeigniter4\framework\system\Commands\Server\rewrite.php(47): require_once('C:\\xampp\\htdocs...')
#10 {main}

Next CodeIgniter\Database\Exceptions\DatabaseException: Unknown database 'diby' in C:\xampp\htdocs\diby-leather\vendor\codeigniter4\framework\system\Database\MySQLi\Connection.php:218
Stack trace:
#0 C:\xampp\htdocs\diby-leather\vendor\codeigniter4\framework\system\Database\BaseConnection.php(391): CodeIgniter\Database\MySQLi\Connection->connect(false)
#1 C:\xampp\htdocs\diby-leather\vendor\codeigniter4\framework\system\Database\BaseConnection.php(573): CodeIgniter\Database\BaseConnection->initialize()
#2 C:\xampp\htdocs\diby-leather\vendor\codeigniter4\framework\system\Database\BaseBuilder.php(1602): CodeIgniter\Database\BaseConnection->query('SELECT *\nFROM `...', Array, false)
#3 C:\xampp\htdocs\diby-leather\app\Controllers\Guest\Home.php(30): CodeIgniter\Database\BaseBuilder->get()
#4 C:\xampp\htdocs\diby-leather\vendor\codeigniter4\framework\system\CodeIgniter.php(934): App\Controllers\Guest\Home->beranda()
#5 C:\xampp\htdocs\diby-leather\vendor\codeigniter4\framework\system\CodeIgniter.php(499): CodeIgniter\CodeIgniter->runController(Object(App\Controllers\Guest\Home))
#6 C:\xampp\htdocs\diby-leather\vendor\codeigniter4\framework\system\CodeIgniter.php(368): CodeIgniter\CodeIgniter->handleRequest(NULL, Object(Config\Cache), false)
#7 C:\xampp\htdocs\diby-leather\public\index.php(67): CodeIgniter\CodeIgniter->run()
#8 C:\xampp\htdocs\diby-leather\vendor\codeigniter4\framework\system\Commands\Server\rewrite.php(47): require_once('C:\\xampp\\htdocs...')
#9 {main}
CRITICAL - 2023-03-16 10:05:22 --> Unable to connect to the database.
Main connection [MySQLi]: Unknown database 'diby'
in SYSTEMPATH\Database\BaseConnection.php on line 427.
 1 SYSTEMPATH\Database\BaseConnection.php(573): CodeIgniter\Database\BaseConnection->initialize()
 2 SYSTEMPATH\Database\BaseBuilder.php(1602): CodeIgniter\Database\BaseConnection->query('SELECT *
FROM `banner`', [], false)
 3 APPPATH\Controllers\Guest\Home.php(30): CodeIgniter\Database\BaseBuilder->get()
 4 SYSTEMPATH\CodeIgniter.php(934): App\Controllers\Guest\Home->beranda()
 5 SYSTEMPATH\CodeIgniter.php(499): CodeIgniter\CodeIgniter->runController(Object(App\Controllers\Guest\Home))
 6 SYSTEMPATH\CodeIgniter.php(368): CodeIgniter\CodeIgniter->handleRequest(null, Object(Config\Cache), false)
 7 FCPATH\index.php(67): CodeIgniter\CodeIgniter->run()
 8 SYSTEMPATH\Commands\Server\rewrite.php(47): require_once('FCPATH\\index.php')
INFO - 2023-03-16 10:07:32 --> Session: Class initialized using 'CodeIgniter\Session\Handlers\FileHandler' driver.
INFO - 2023-03-16 10:07:37 --> Session: Class initialized using 'CodeIgniter\Session\Handlers\FileHandler' driver.
INFO - 2023-03-16 10:11:28 --> Session: Class initialized using 'CodeIgniter\Session\Handlers\FileHandler' driver.
INFO - 2023-03-16 10:11:30 --> Session: Class initialized using 'CodeIgniter\Session\Handlers\FileHandler' driver.
INFO - 2023-03-16 10:11:32 --> Session: Class initialized using 'CodeIgniter\Session\Handlers\FileHandler' driver.
INFO - 2023-03-16 10:11:54 --> Session: Class initialized using 'CodeIgniter\Session\Handlers\FileHandler' driver.
INFO - 2023-03-16 10:11:55 --> Session: Class initialized using 'CodeIgniter\Session\Handlers\FileHandler' driver.
INFO - 2023-03-16 10:11:56 --> Session: Class initialized using 'CodeIgniter\Session\Handlers\FileHandler' driver.
INFO - 2023-03-16 10:12:12 --> Session: Class initialized using 'CodeIgniter\Session\Handlers\FileHandler' driver.
INFO - 2023-03-16 10:12:23 --> Session: Class initialized using 'CodeIgniter\Session\Handlers\FileHandler' driver.
INFO - 2023-03-16 10:13:38 --> Session: Class initialized using 'CodeIgniter\Session\Handlers\FileHandler' driver.
INFO - 2023-03-16 10:13:39 --> Session: Class initialized using 'CodeIgniter\Session\Handlers\FileHandler' driver.
INFO - 2023-03-16 10:13:47 --> Session: Class initialized using 'CodeIgniter\Session\Handlers\FileHandler' driver.
INFO - 2023-03-16 10:13:52 --> Session: Class initialized using 'CodeIgniter\Session\Handlers\FileHandler' driver.
INFO - 2023-03-16 10:14:01 --> Session: Class initialized using 'CodeIgniter\Session\Handlers\FileHandler' driver.
INFO - 2023-03-16 10:14:04 --> Session: Class initialized using 'CodeIgniter\Session\Handlers\FileHandler' driver.
INFO - 2023-03-16 10:14:17 --> Session: Class initialized using 'CodeIgniter\Session\Handlers\FileHandler' driver.
CRITICAL - 2023-03-16 10:14:18 --> Trying to access array offset on value of type null
in APPPATH\Views\guest\katalog\detail.php on line 91.
 1 APPPATH\Views\guest\katalog\detail.php(91): CodeIgniter\Debug\Exceptions->errorHandler(8, 'Trying to access array offset on value of type null', 'APPPATH\\Views\\guest\\katalog\\detail.php', 91, [...])
 2 SYSTEMPATH\View\View.php(213): include('APPPATH\\Views\\guest\\katalog\\detail.php')
 3 SYSTEMPATH\View\View.php(216): CodeIgniter\View\View->CodeIgniter\View\{closure}()
 4 SYSTEMPATH\Common.php(1177): CodeIgniter\View\View->render('guest/katalog/detail', [], true)
 5 APPPATH\Controllers\Guest\Katalog.php(80): view('guest/katalog/detail', [...])
 6 SYSTEMPATH\CodeIgniter.php(934): App\Controllers\Guest\Katalog->detail('FCPATH\\assets', 'images', 'Instagram.png')
 7 SYSTEMPATH\CodeIgniter.php(499): CodeIgniter\CodeIgniter->runController(Object(App\Controllers\Guest\Katalog))
 8 SYSTEMPATH\CodeIgniter.php(368): CodeIgniter\CodeIgniter->handleRequest(null, Object(Config\Cache), false)
 9 FCPATH\index.php(67): CodeIgniter\CodeIgniter->run()
10 SYSTEMPATH\Commands\Server\rewrite.php(47): require_once('FCPATH\\index.php')
CRITICAL - 2023-03-16 10:14:19 --> Trying to access array offset on value of type null
in APPPATH\Views\guest\katalog\detail.php on line 91.
 1 APPPATH\Views\guest\katalog\detail.php(91): CodeIgniter\Debug\Exceptions->errorHandler(8, 'Trying to access array offset on value of type null', 'APPPATH\\Views\\guest\\katalog\\detail.php', 91, [...])
 2 SYSTEMPATH\View\View.php(213): include('APPPATH\\Views\\guest\\katalog\\detail.php')
 3 SYSTEMPATH\View\View.php(216): CodeIgniter\View\View->CodeIgniter\View\{closure}()
 4 SYSTEMPATH\Common.php(1177): CodeIgniter\View\View->render('guest/katalog/detail', [], true)
 5 APPPATH\Controllers\Guest\Katalog.php(80): view('guest/katalog/detail', [...])
 6 SYSTEMPATH\CodeIgniter.php(934): App\Controllers\Guest\Katalog->detail('FCPATH\\assets', 'images', 'Facebook.png')
 7 SYSTEMPATH\CodeIgniter.php(499): CodeIgniter\CodeIgniter->runController(Object(App\Controllers\Guest\Katalog))
 8 SYSTEMPATH\CodeIgniter.php(368): CodeIgniter\CodeIgniter->handleRequest(null, Object(Config\Cache), false)
 9 FCPATH\index.php(67): CodeIgniter\CodeIgniter->run()
10 SYSTEMPATH\Commands\Server\rewrite.php(47): require_once('FCPATH\\index.php')
CRITICAL - 2023-03-16 10:14:19 --> Trying to access array offset on value of type null
in APPPATH\Views\guest\katalog\detail.php on line 91.
 1 APPPATH\Views\guest\katalog\detail.php(91): CodeIgniter\Debug\Exceptions->errorHandler(8, 'Trying to access array offset on value of type null', 'APPPATH\\Views\\guest\\katalog\\detail.php', 91, [...])
 2 SYSTEMPATH\View\View.php(213): include('APPPATH\\Views\\guest\\katalog\\detail.php')
 3 SYSTEMPATH\View\View.php(216): CodeIgniter\View\View->CodeIgniter\View\{closure}()
 4 SYSTEMPATH\Common.php(1177): CodeIgniter\View\View->render('guest/katalog/detail', [], true)
 5 APPPATH\Controllers\Guest\Katalog.php(80): view('guest/katalog/detail', [...])
 6 SYSTEMPATH\CodeIgniter.php(934): App\Controllers\Guest\Katalog->detail('FCPATH\\assets', 'images', 'Lazada.png')
 7 SYSTEMPATH\CodeIgniter.php(499): CodeIgniter\CodeIgniter->runController(Object(App\Controllers\Guest\Katalog))
 8 SYSTEMPATH\CodeIgniter.php(368): CodeIgniter\CodeIgniter->handleRequest(null, Object(Config\Cache), false)
 9 FCPATH\index.php(67): CodeIgniter\CodeIgniter->run()
10 SYSTEMPATH\Commands\Server\rewrite.php(47): require_once('FCPATH\\index.php')
CRITICAL - 2023-03-16 10:14:20 --> Trying to access array offset on value of type null
in APPPATH\Views\guest\katalog\detail.php on line 91.
 1 APPPATH\Views\guest\katalog\detail.php(91): CodeIgniter\Debug\Exceptions->errorHandler(8, 'Trying to access array offset on value of type null', 'APPPATH\\Views\\guest\\katalog\\detail.php', 91, [...])
 2 SYSTEMPATH\View\View.php(213): include('APPPATH\\Views\\guest\\katalog\\detail.php')
 3 SYSTEMPATH\View\View.php(216): CodeIgniter\View\View->CodeIgniter\View\{closure}()
 4 SYSTEMPATH\Common.php(1177): CodeIgniter\View\View->render('guest/katalog/detail', [], true)
 5 APPPATH\Controllers\Guest\Katalog.php(80): view('guest/katalog/detail', [...])
 6 SYSTEMPATH\CodeIgniter.php(934): App\Controllers\Guest\Katalog->detail('FCPATH\\assets', 'images', 'Shopee.png')
 7 SYSTEMPATH\CodeIgniter.php(499): CodeIgniter\CodeIgniter->runController(Object(App\Controllers\Guest\Katalog))
 8 SYSTEMPATH\CodeIgniter.php(368): CodeIgniter\CodeIgniter->handleRequest(null, Object(Config\Cache), false)
 9 FCPATH\index.php(67): CodeIgniter\CodeIgniter->run()
10 SYSTEMPATH\Commands\Server\rewrite.php(47): require_once('FCPATH\\index.php')
CRITICAL - 2023-03-16 10:14:21 --> Trying to access array offset on value of type null
in APPPATH\Views\guest\katalog\detail.php on line 91.
 1 APPPATH\Views\guest\katalog\detail.php(91): CodeIgniter\Debug\Exceptions->errorHandler(8, 'Trying to access array offset on value of type null', 'APPPATH\\Views\\guest\\katalog\\detail.php', 91, [...])
 2 SYSTEMPATH\View\View.php(213): include('APPPATH\\Views\\guest\\katalog\\detail.php')
 3 SYSTEMPATH\View\View.php(216): CodeIgniter\View\View->CodeIgniter\View\{closure}()
 4 SYSTEMPATH\Common.php(1177): CodeIgniter\View\View->render('guest/katalog/detail', [], true)
 5 APPPATH\Controllers\Guest\Katalog.php(80): view('guest/katalog/detail', [...])
 6 SYSTEMPATH\CodeIgniter.php(934): App\Controllers\Guest\Katalog->detail('FCPATH\\assets', 'images', 'Tokopedia.png')
 7 SYSTEMPATH\CodeIgniter.php(499): CodeIgniter\CodeIgniter->runController(Object(App\Controllers\Guest\Katalog))
 8 SYSTEMPATH\CodeIgniter.php(368): CodeIgniter\CodeIgniter->handleRequest(null, Object(Config\Cache), false)
 9 FCPATH\index.php(67): CodeIgniter\CodeIgniter->run()
10 SYSTEMPATH\Commands\Server\rewrite.php(47): require_once('FCPATH\\index.php')
INFO - 2023-03-16 10:14:21 --> Session: Class initialized using 'CodeIgniter\Session\Handlers\FileHandler' driver.
INFO - 2023-03-16 11:23:37 --> Session: Class initialized using 'CodeIgniter\Session\Handlers\FileHandler' driver.
CRITICAL - 2023-03-16 11:23:38 --> Trying to access array offset on value of type null
in APPPATH\Views\guest\katalog\detail.php on line 91.
 1 APPPATH\Views\guest\katalog\detail.php(91): CodeIgniter\Debug\Exceptions->errorHandler(8, 'Trying to access array offset on value of type null', 'APPPATH\\Views\\guest\\katalog\\detail.php', 91, [...])
 2 SYSTEMPATH\View\View.php(213): include('APPPATH\\Views\\guest\\katalog\\detail.php')
 3 SYSTEMPATH\View\View.php(216): CodeIgniter\View\View->CodeIgniter\View\{closure}()
 4 SYSTEMPATH\Common.php(1177): CodeIgniter\View\View->render('guest/katalog/detail', [], true)
 5 APPPATH\Controllers\Guest\Katalog.php(80): view('guest/katalog/detail', [...])
 6 SYSTEMPATH\CodeIgniter.php(934): App\Controllers\Guest\Katalog->detail('FCPATH\\assets', 'images', 'Instagram.png')
 7 SYSTEMPATH\CodeIgniter.php(499): CodeIgniter\CodeIgniter->runController(Object(App\Controllers\Guest\Katalog))
 8 SYSTEMPATH\CodeIgniter.php(368): CodeIgniter\CodeIgniter->handleRequest(null, Object(Config\Cache), false)
 9 FCPATH\index.php(67): CodeIgniter\CodeIgniter->run()
10 SYSTEMPATH\Commands\Server\rewrite.php(47): require_once('FCPATH\\index.php')
CRITICAL - 2023-03-16 11:23:38 --> Trying to access array offset on value of type null
in APPPATH\Views\guest\katalog\detail.php on line 91.
 1 APPPATH\Views\guest\katalog\detail.php(91): CodeIgniter\Debug\Exceptions->errorHandler(8, 'Trying to access array offset on value of type null', 'APPPATH\\Views\\guest\\katalog\\detail.php', 91, [...])
 2 SYSTEMPATH\View\View.php(213): include('APPPATH\\Views\\guest\\katalog\\detail.php')
 3 SYSTEMPATH\View\View.php(216): CodeIgniter\View\View->CodeIgniter\View\{closure}()
 4 SYSTEMPATH\Common.php(1177): CodeIgniter\View\View->render('guest/katalog/detail', [], true)
 5 APPPATH\Controllers\Guest\Katalog.php(80): view('guest/katalog/detail', [...])
 6 SYSTEMPATH\CodeIgniter.php(934): App\Controllers\Guest\Katalog->detail('FCPATH\\assets', 'images', 'Facebook.png')
 7 SYSTEMPATH\CodeIgniter.php(499): CodeIgniter\CodeIgniter->runController(Object(App\Controllers\Guest\Katalog))
 8 SYSTEMPATH\CodeIgniter.php(368): CodeIgniter\CodeIgniter->handleRequest(null, Object(Config\Cache), false)
 9 FCPATH\index.php(67): CodeIgniter\CodeIgniter->run()
10 SYSTEMPATH\Commands\Server\rewrite.php(47): require_once('FCPATH\\index.php')
CRITICAL - 2023-03-16 11:23:39 --> Trying to access array offset on value of type null
in APPPATH\Views\guest\katalog\detail.php on line 91.
 1 APPPATH\Views\guest\katalog\detail.php(91): CodeIgniter\Debug\Exceptions->errorHandler(8, 'Trying to access array offset on value of type null', 'APPPATH\\Views\\guest\\katalog\\detail.php', 91, [...])
 2 SYSTEMPATH\View\View.php(213): include('APPPATH\\Views\\guest\\katalog\\detail.php')
 3 SYSTEMPATH\View\View.php(216): CodeIgniter\View\View->CodeIgniter\View\{closure}()
 4 SYSTEMPATH\Common.php(1177): CodeIgniter\View\View->render('guest/katalog/detail', [], true)
 5 APPPATH\Controllers\Guest\Katalog.php(80): view('guest/katalog/detail', [...])
 6 SYSTEMPATH\CodeIgniter.php(934): App\Controllers\Guest\Katalog->detail('FCPATH\\assets', 'images', 'Lazada.png')
 7 SYSTEMPATH\CodeIgniter.php(499): CodeIgniter\CodeIgniter->runController(Object(App\Controllers\Guest\Katalog))
 8 SYSTEMPATH\CodeIgniter.php(368): CodeIgniter\CodeIgniter->handleRequest(null, Object(Config\Cache), false)
 9 FCPATH\index.php(67): CodeIgniter\CodeIgniter->run()
10 SYSTEMPATH\Commands\Server\rewrite.php(47): require_once('FCPATH\\index.php')
CRITICAL - 2023-03-16 11:23:40 --> Trying to access array offset on value of type null
in APPPATH\Views\guest\katalog\detail.php on line 91.
 1 APPPATH\Views\guest\katalog\detail.php(91): CodeIgniter\Debug\Exceptions->errorHandler(8, 'Trying to access array offset on value of type null', 'APPPATH\\Views\\guest\\katalog\\detail.php', 91, [...])
 2 SYSTEMPATH\View\View.php(213): include('APPPATH\\Views\\guest\\katalog\\detail.php')
 3 SYSTEMPATH\View\View.php(216): CodeIgniter\View\View->CodeIgniter\View\{closure}()
 4 SYSTEMPATH\Common.php(1177): CodeIgniter\View\View->render('guest/katalog/detail', [], true)
 5 APPPATH\Controllers\Guest\Katalog.php(80): view('guest/katalog/detail', [...])
 6 SYSTEMPATH\CodeIgniter.php(934): App\Controllers\Guest\Katalog->detail('FCPATH\\assets', 'images', 'Shopee.png')
 7 SYSTEMPATH\CodeIgniter.php(499): CodeIgniter\CodeIgniter->runController(Object(App\Controllers\Guest\Katalog))
 8 SYSTEMPATH\CodeIgniter.php(368): CodeIgniter\CodeIgniter->handleRequest(null, Object(Config\Cache), false)
 9 FCPATH\index.php(67): CodeIgniter\CodeIgniter->run()
10 SYSTEMPATH\Commands\Server\rewrite.php(47): require_once('FCPATH\\index.php')
CRITICAL - 2023-03-16 11:23:40 --> Trying to access array offset on value of type null
in APPPATH\Views\guest\katalog\detail.php on line 91.
 1 APPPATH\Views\guest\katalog\detail.php(91): CodeIgniter\Debug\Exceptions->errorHandler(8, 'Trying to access array offset on value of type null', 'APPPATH\\Views\\guest\\katalog\\detail.php', 91, [...])
 2 SYSTEMPATH\View\View.php(213): include('APPPATH\\Views\\guest\\katalog\\detail.php')
 3 SYSTEMPATH\View\View.php(216): CodeIgniter\View\View->CodeIgniter\View\{closure}()
 4 SYSTEMPATH\Common.php(1177): CodeIgniter\View\View->render('guest/katalog/detail', [], true)
 5 APPPATH\Controllers\Guest\Katalog.php(80): view('guest/katalog/detail', [...])
 6 SYSTEMPATH\CodeIgniter.php(934): App\Controllers\Guest\Katalog->detail('FCPATH\\assets', 'images', 'Tokopedia.png')
 7 SYSTEMPATH\CodeIgniter.php(499): CodeIgniter\CodeIgniter->runController(Object(App\Controllers\Guest\Katalog))
 8 SYSTEMPATH\CodeIgniter.php(368): CodeIgniter\CodeIgniter->handleRequest(null, Object(Config\Cache), false)
 9 FCPATH\index.php(67): CodeIgniter\CodeIgniter->run()
10 SYSTEMPATH\Commands\Server\rewrite.php(47): require_once('FCPATH\\index.php')
INFO - 2023-03-16 11:23:40 --> Session: Class initialized using 'CodeIgniter\Session\Handlers\FileHandler' driver.
INFO - 2023-03-16 11:23:42 --> Session: Class initialized using 'CodeIgniter\Session\Handlers\FileHandler' driver.
INFO - 2023-03-16 11:23:43 --> Session: Class initialized using 'CodeIgniter\Session\Handlers\FileHandler' driver.
INFO - 2023-03-16 11:23:45 --> Session: Class initialized using 'CodeIgniter\Session\Handlers\FileHandler' driver.
INFO - 2023-03-16 11:23:46 --> Session: Class initialized using 'CodeIgniter\Session\Handlers\FileHandler' driver.
INFO - 2023-03-16 11:23:47 --> Session: Class initialized using 'CodeIgniter\Session\Handlers\FileHandler' driver.
CRITICAL - 2023-03-16 11:23:47 --> syntax error, unexpected ']'
in APPPATH\Controllers\Admin\Barang.php on line 131.
 1 SYSTEMPATH\Autoloader\Autoloader.php(289): CodeIgniter\Autoloader\Autoloader->includeFile('APPPATH\\Controllers\\Admin\\Barang.php')
 2 SYSTEMPATH\Autoloader\Autoloader.php(267): CodeIgniter\Autoloader\Autoloader->loadInNamespace('App\\Controllers\\Admin\\Barang')
 3 [internal function]: CodeIgniter\Autoloader\Autoloader->loadClass('App\\Controllers\\Admin\\Barang')
 4 [internal function]: spl_autoload_call('App\\Controllers\\Admin\\Barang')
 5 SYSTEMPATH\CodeIgniter.php(892): class_exists('\\App\\Controllers\\Admin\\Barang', true)
 6 SYSTEMPATH\CodeIgniter.php(486): CodeIgniter\CodeIgniter->startController()
 7 SYSTEMPATH\CodeIgniter.php(368): CodeIgniter\CodeIgniter->handleRequest(null, Object(Config\Cache), false)
 8 FCPATH\index.php(67): CodeIgniter\CodeIgniter->run()
 9 SYSTEMPATH\Commands\Server\rewrite.php(47): require_once('FCPATH\\index.php')
INFO - 2023-03-16 11:23:52 --> Session: Class initialized using 'CodeIgniter\Session\Handlers\FileHandler' driver.
CRITICAL - 2023-03-16 11:23:52 --> syntax error, unexpected ']'
in APPPATH\Controllers\Admin\Barang.php on line 131.
 1 SYSTEMPATH\Autoloader\Autoloader.php(289): CodeIgniter\Autoloader\Autoloader->includeFile('APPPATH\\Controllers\\Admin\\Barang.php')
 2 SYSTEMPATH\Autoloader\Autoloader.php(267): CodeIgniter\Autoloader\Autoloader->loadInNamespace('App\\Controllers\\Admin\\Barang')
 3 [internal function]: CodeIgniter\Autoloader\Autoloader->loadClass('App\\Controllers\\Admin\\Barang')
 4 [internal function]: spl_autoload_call('App\\Controllers\\Admin\\Barang')
 5 SYSTEMPATH\CodeIgniter.php(892): class_exists('\\App\\Controllers\\Admin\\Barang', true)
 6 SYSTEMPATH\CodeIgniter.php(486): CodeIgniter\CodeIgniter->startController()
 7 SYSTEMPATH\CodeIgniter.php(368): CodeIgniter\CodeIgniter->handleRequest(null, Object(Config\Cache), false)
 8 FCPATH\index.php(67): CodeIgniter\CodeIgniter->run()
 9 SYSTEMPATH\Commands\Server\rewrite.php(47): require_once('FCPATH\\index.php')
INFO - 2023-03-16 11:24:08 --> Session: Class initialized using 'CodeIgniter\Session\Handlers\FileHandler' driver.
INFO - 2023-03-16 11:24:08 --> Session: Class initialized using 'CodeIgniter\Session\Handlers\FileHandler' driver.
INFO - 2023-03-16 11:24:13 --> Session: Class initialized using 'CodeIgniter\Session\Handlers\FileHandler' driver.
CRITICAL - 2023-03-16 11:24:13 --> syntax error, unexpected ']'
in APPPATH\Controllers\Admin\Barang.php on line 131.
 1 SYSTEMPATH\Autoloader\Autoloader.php(289): CodeIgniter\Autoloader\Autoloader->includeFile('APPPATH\\Controllers\\Admin\\Barang.php')
 2 SYSTEMPATH\Autoloader\Autoloader.php(267): CodeIgniter\Autoloader\Autoloader->loadInNamespace('App\\Controllers\\Admin\\Barang')
 3 [internal function]: CodeIgniter\Autoloader\Autoloader->loadClass('App\\Controllers\\Admin\\Barang')
 4 [internal function]: spl_autoload_call('App\\Controllers\\Admin\\Barang')
 5 SYSTEMPATH\CodeIgniter.php(892): class_exists('\\App\\Controllers\\Admin\\Barang', true)
 6 SYSTEMPATH\CodeIgniter.php(486): CodeIgniter\CodeIgniter->startController()
 7 SYSTEMPATH\CodeIgniter.php(368): CodeIgniter\CodeIgniter->handleRequest(null, Object(Config\Cache), false)
 8 FCPATH\index.php(67): CodeIgniter\CodeIgniter->run()
 9 SYSTEMPATH\Commands\Server\rewrite.php(47): require_once('FCPATH\\index.php')
INFO - 2023-03-16 11:41:54 --> Session: Class initialized using 'CodeIgniter\Session\Handlers\FileHandler' driver.
INFO - 2023-03-16 11:41:58 --> Session: Class initialized using 'CodeIgniter\Session\Handlers\FileHandler' driver.
INFO - 2023-03-16 11:43:12 --> Session: Class initialized using 'CodeIgniter\Session\Handlers\FileHandler' driver.
ERROR - 2023-03-16 11:43:12 --> mysqli_sql_exception: Unknown column 'gambar' in 'field list' in C:\xampp\htdocs\diby-leather\vendor\codeigniter4\framework\system\Database\MySQLi\Connection.php:295
Stack trace:
#0 C:\xampp\htdocs\diby-leather\vendor\codeigniter4\framework\system\Database\MySQLi\Connection.php(295): mysqli->query('UPDATE `barang`...', 0)
#1 C:\xampp\htdocs\diby-leather\vendor\codeigniter4\framework\system\Database\BaseConnection.php(691): CodeIgniter\Database\MySQLi\Connection->execute('UPDATE `barang`...')
#2 C:\xampp\htdocs\diby-leather\vendor\codeigniter4\framework\system\Database\BaseConnection.php(605): CodeIgniter\Database\BaseConnection->simpleQuery('UPDATE `barang`...')
#3 C:\xampp\htdocs\diby-leather\vendor\codeigniter4\framework\system\Database\BaseBuilder.php(2462): CodeIgniter\Database\BaseConnection->query('UPDATE `barang`...', Array, false)
#4 C:\xampp\htdocs\diby-leather\app\Controllers\Admin\Barang.php(141): CodeIgniter\Database\BaseBuilder->update(Array)
#5 C:\xampp\htdocs\diby-leather\vendor\codeigniter4\framework\system\CodeIgniter.php(934): App\Controllers\Admin\Barang->add()
#6 C:\xampp\htdocs\diby-leather\vendor\codeigniter4\framework\system\CodeIgniter.php(499): CodeIgniter\CodeIgniter->runController(Object(App\Controllers\Admin\Barang))
#7 C:\xampp\htdocs\diby-leather\vendor\codeigniter4\framework\system\CodeIgniter.php(368): CodeIgniter\CodeIgniter->handleRequest(NULL, Object(Config\Cache), false)
#8 C:\xampp\htdocs\diby-leather\public\index.php(67): CodeIgniter\CodeIgniter->run()
#9 C:\xampp\htdocs\diby-leather\vendor\codeigniter4\framework\system\Commands\Server\rewrite.php(47): require_once('C:\\xampp\\htdocs...')
#10 {main}
CRITICAL - 2023-03-16 11:43:12 --> Unknown column 'gambar' in 'field list'
in SYSTEMPATH\Database\BaseConnection.php on line 645.
 1 SYSTEMPATH\Database\BaseBuilder.php(2462): CodeIgniter\Database\BaseConnection->query('UPDATE `barang` SET `gambar` = :gambar:, `updated_by` = :updated_by:
WHERE `id` = :id:', [...], false)
 2 APPPATH\Controllers\Admin\Barang.php(141): CodeIgniter\Database\BaseBuilder->update([...])
 3 SYSTEMPATH\CodeIgniter.php(934): App\Controllers\Admin\Barang->add()
 4 SYSTEMPATH\CodeIgniter.php(499): CodeIgniter\CodeIgniter->runController(Object(App\Controllers\Admin\Barang))
 5 SYSTEMPATH\CodeIgniter.php(368): CodeIgniter\CodeIgniter->handleRequest(null, Object(Config\Cache), false)
 6 FCPATH\index.php(67): CodeIgniter\CodeIgniter->run()
 7 SYSTEMPATH\Commands\Server\rewrite.php(47): require_once('FCPATH\\index.php')
CRITICAL - 2023-03-16 11:54:33 --> Argument 1 passed to url_title() must be of the type string, null given, called in C:\xampp\htdocs\diby-leather\app\Controllers\Admin\Barang.php on line 97
in SYSTEMPATH\Helpers\url_helper.php on line 499.
 1 APPPATH\Controllers\Admin\Barang.php(97): url_title(null, '-', true)
 2 SYSTEMPATH\CodeIgniter.php(934): App\Controllers\Admin\Barang->add()
 3 SYSTEMPATH\CodeIgniter.php(499): CodeIgniter\CodeIgniter->runController(Object(App\Controllers\Admin\Barang))
 4 SYSTEMPATH\CodeIgniter.php(368): CodeIgniter\CodeIgniter->handleRequest(null, Object(Config\Cache), false)
 5 FCPATH\index.php(67): CodeIgniter\CodeIgniter->run()
 6 SYSTEMPATH\Commands\Server\rewrite.php(47): require_once('FCPATH\\index.php')
CRITICAL - 2023-03-16 11:57:26 --> Argument 1 passed to url_title() must be of the type string, null given, called in C:\xampp\htdocs\diby-leather\app\Controllers\Admin\Barang.php on line 97
in SYSTEMPATH\Helpers\url_helper.php on line 499.
 1 APPPATH\Controllers\Admin\Barang.php(97): url_title(null, '-', true)
 2 SYSTEMPATH\CodeIgniter.php(934): App\Controllers\Admin\Barang->add()
 3 SYSTEMPATH\CodeIgniter.php(499): CodeIgniter\CodeIgniter->runController(Object(App\Controllers\Admin\Barang))
 4 SYSTEMPATH\CodeIgniter.php(368): CodeIgniter\CodeIgniter->handleRequest(null, Object(Config\Cache), false)
 5 FCPATH\index.php(67): CodeIgniter\CodeIgniter->run()
 6 SYSTEMPATH\Commands\Server\rewrite.php(47): require_once('FCPATH\\index.php')
INFO - 2023-03-16 13:12:47 --> Session: Class initialized using 'CodeIgniter\Session\Handlers\FileHandler' driver.
ERROR - 2023-03-16 13:12:48 --> mysqli_sql_exception: Unknown column 'gambar' in 'field list' in C:\xampp\htdocs\diby-leather\vendor\codeigniter4\framework\system\Database\MySQLi\Connection.php:295
Stack trace:
#0 C:\xampp\htdocs\diby-leather\vendor\codeigniter4\framework\system\Database\MySQLi\Connection.php(295): mysqli->query('UPDATE `barang`...', 0)
#1 C:\xampp\htdocs\diby-leather\vendor\codeigniter4\framework\system\Database\BaseConnection.php(691): CodeIgniter\Database\MySQLi\Connection->execute('UPDATE `barang`...')
#2 C:\xampp\htdocs\diby-leather\vendor\codeigniter4\framework\system\Database\BaseConnection.php(605): CodeIgniter\Database\BaseConnection->simpleQuery('UPDATE `barang`...')
#3 C:\xampp\htdocs\diby-leather\vendor\codeigniter4\framework\system\Database\BaseBuilder.php(2462): CodeIgniter\Database\BaseConnection->query('UPDATE `barang`...', Array, false)
#4 C:\xampp\htdocs\diby-leather\app\Controllers\Admin\Barang.php(141): CodeIgniter\Database\BaseBuilder->update(Array)
#5 C:\xampp\htdocs\diby-leather\vendor\codeigniter4\framework\system\CodeIgniter.php(934): App\Controllers\Admin\Barang->add()
#6 C:\xampp\htdocs\diby-leather\vendor\codeigniter4\framework\system\CodeIgniter.php(499): CodeIgniter\CodeIgniter->runController(Object(App\Controllers\Admin\Barang))
#7 C:\xampp\htdocs\diby-leather\vendor\codeigniter4\framework\system\CodeIgniter.php(368): CodeIgniter\CodeIgniter->handleRequest(NULL, Object(Config\Cache), false)
#8 C:\xampp\htdocs\diby-leather\public\index.php(67): CodeIgniter\CodeIgniter->run()
#9 C:\xampp\htdocs\diby-leather\vendor\codeigniter4\framework\system\Commands\Server\rewrite.php(47): require_once('C:\\xampp\\htdocs...')
#10 {main}
CRITICAL - 2023-03-16 13:12:48 --> Unknown column 'gambar' in 'field list'
in SYSTEMPATH\Database\BaseConnection.php on line 645.
 1 SYSTEMPATH\Database\BaseBuilder.php(2462): CodeIgniter\Database\BaseConnection->query('UPDATE `barang` SET `gambar` = :gambar:, `updated_by` = :updated_by:
WHERE `id` = :id:', [...], false)
 2 APPPATH\Controllers\Admin\Barang.php(141): CodeIgniter\Database\BaseBuilder->update([...])
 3 SYSTEMPATH\CodeIgniter.php(934): App\Controllers\Admin\Barang->add()
 4 SYSTEMPATH\CodeIgniter.php(499): CodeIgniter\CodeIgniter->runController(Object(App\Controllers\Admin\Barang))
 5 SYSTEMPATH\CodeIgniter.php(368): CodeIgniter\CodeIgniter->handleRequest(null, Object(Config\Cache), false)
 6 FCPATH\index.php(67): CodeIgniter\CodeIgniter->run()
 7 SYSTEMPATH\Commands\Server\rewrite.php(47): require_once('FCPATH\\index.php')
INFO - 2023-03-16 13:12:49 --> Session: Class initialized using 'CodeIgniter\Session\Handlers\FileHandler' driver.
INFO - 2023-03-16 13:12:51 --> Session: Class initialized using 'CodeIgniter\Session\Handlers\FileHandler' driver.
INFO - 2023-03-16 13:13:04 --> Session: Class initialized using 'CodeIgniter\Session\Handlers\FileHandler' driver.
INFO - 2023-03-16 13:13:22 --> Session: Class initialized using 'CodeIgniter\Session\Handlers\FileHandler' driver.
INFO - 2023-03-16 13:13:23 --> Session: Class initialized using 'CodeIgniter\Session\Handlers\FileHandler' driver.
INFO - 2023-03-16 13:13:29 --> Session: Class initialized using 'CodeIgniter\Session\Handlers\FileHandler' driver.
INFO - 2023-03-16 13:13:29 --> Session: Class initialized using 'CodeIgniter\Session\Handlers\FileHandler' driver.
INFO - 2023-03-16 13:13:35 --> Session: Class initialized using 'CodeIgniter\Session\Handlers\FileHandler' driver.
INFO - 2023-03-16 13:13:36 --> Session: Class initialized using 'CodeIgniter\Session\Handlers\FileHandler' driver.
INFO - 2023-03-16 13:13:50 --> Session: Class initialized using 'CodeIgniter\Session\Handlers\FileHandler' driver.
INFO - 2023-03-16 13:14:29 --> Session: Class initialized using 'CodeIgniter\Session\Handlers\FileHandler' driver.
ERROR - 2023-03-16 13:14:30 --> mysqli_sql_exception: Unknown column 'gambar' in 'field list' in C:\xampp\htdocs\diby-leather\vendor\codeigniter4\framework\system\Database\MySQLi\Connection.php:295
Stack trace:
#0 C:\xampp\htdocs\diby-leather\vendor\codeigniter4\framework\system\Database\MySQLi\Connection.php(295): mysqli->query('UPDATE `barang`...', 0)
#1 C:\xampp\htdocs\diby-leather\vendor\codeigniter4\framework\system\Database\BaseConnection.php(691): CodeIgniter\Database\MySQLi\Connection->execute('UPDATE `barang`...')
#2 C:\xampp\htdocs\diby-leather\vendor\codeigniter4\framework\system\Database\BaseConnection.php(605): CodeIgniter\Database\BaseConnection->simpleQuery('UPDATE `barang`...')
#3 C:\xampp\htdocs\diby-leather\vendor\codeigniter4\framework\system\Database\BaseBuilder.php(2462): CodeIgniter\Database\BaseConnection->query('UPDATE `barang`...', Array, false)
#4 C:\xampp\htdocs\diby-leather\app\Controllers\Admin\Barang.php(141): CodeIgniter\Database\BaseBuilder->update(Array)
#5 C:\xampp\htdocs\diby-leather\vendor\codeigniter4\framework\system\CodeIgniter.php(934): App\Controllers\Admin\Barang->add()
#6 C:\xampp\htdocs\diby-leather\vendor\codeigniter4\framework\system\CodeIgniter.php(499): CodeIgniter\CodeIgniter->runController(Object(App\Controllers\Admin\Barang))
#7 C:\xampp\htdocs\diby-leather\vendor\codeigniter4\framework\system\CodeIgniter.php(368): CodeIgniter\CodeIgniter->handleRequest(NULL, Object(Config\Cache), false)
#8 C:\xampp\htdocs\diby-leather\public\index.php(67): CodeIgniter\CodeIgniter->run()
#9 C:\xampp\htdocs\diby-leather\vendor\codeigniter4\framework\system\Commands\Server\rewrite.php(47): require_once('C:\\xampp\\htdocs...')
#10 {main}
CRITICAL - 2023-03-16 13:14:30 --> Unknown column 'gambar' in 'field list'
in SYSTEMPATH\Database\BaseConnection.php on line 645.
 1 SYSTEMPATH\Database\BaseBuilder.php(2462): CodeIgniter\Database\BaseConnection->query('UPDATE `barang` SET `gambar` = :gambar:, `updated_by` = :updated_by:
WHERE `id` = :id:', [...], false)
 2 APPPATH\Controllers\Admin\Barang.php(141): CodeIgniter\Database\BaseBuilder->update([...])
 3 SYSTEMPATH\CodeIgniter.php(934): App\Controllers\Admin\Barang->add()
 4 SYSTEMPATH\CodeIgniter.php(499): CodeIgniter\CodeIgniter->runController(Object(App\Controllers\Admin\Barang))
 5 SYSTEMPATH\CodeIgniter.php(368): CodeIgniter\CodeIgniter->handleRequest(null, Object(Config\Cache), false)
 6 FCPATH\index.php(67): CodeIgniter\CodeIgniter->run()
 7 SYSTEMPATH\Commands\Server\rewrite.php(47): require_once('FCPATH\\index.php')
INFO - 2023-03-16 15:17:26 --> Session: Class initialized using 'CodeIgniter\Session\Handlers\FileHandler' driver.
ERROR - 2023-03-16 15:17:27 --> mysqli_sql_exception: Unknown column 'gambar' in 'field list' in C:\xampp\htdocs\diby-leather\vendor\codeigniter4\framework\system\Database\MySQLi\Connection.php:295
Stack trace:
#0 C:\xampp\htdocs\diby-leather\vendor\codeigniter4\framework\system\Database\MySQLi\Connection.php(295): mysqli->query('UPDATE `barang`...', 0)
#1 C:\xampp\htdocs\diby-leather\vendor\codeigniter4\framework\system\Database\BaseConnection.php(691): CodeIgniter\Database\MySQLi\Connection->execute('UPDATE `barang`...')
#2 C:\xampp\htdocs\diby-leather\vendor\codeigniter4\framework\system\Database\BaseConnection.php(605): CodeIgniter\Database\BaseConnection->simpleQuery('UPDATE `barang`...')
#3 C:\xampp\htdocs\diby-leather\vendor\codeigniter4\framework\system\Database\BaseBuilder.php(2462): CodeIgniter\Database\BaseConnection->query('UPDATE `barang`...', Array, false)
#4 C:\xampp\htdocs\diby-leather\app\Controllers\Admin\Barang.php(141): CodeIgniter\Database\BaseBuilder->update(Array)
#5 C:\xampp\htdocs\diby-leather\vendor\codeigniter4\framework\system\CodeIgniter.php(934): App\Controllers\Admin\Barang->add()
#6 C:\xampp\htdocs\diby-leather\vendor\codeigniter4\framework\system\CodeIgniter.php(499): CodeIgniter\CodeIgniter->runController(Object(App\Controllers\Admin\Barang))
#7 C:\xampp\htdocs\diby-leather\vendor\codeigniter4\framework\system\CodeIgniter.php(368): CodeIgniter\CodeIgniter->handleRequest(NULL, Object(Config\Cache), false)
#8 C:\xampp\htdocs\diby-leather\public\index.php(67): CodeIgniter\CodeIgniter->run()
#9 C:\xampp\htdocs\diby-leather\vendor\codeigniter4\framework\system\Commands\Server\rewrite.php(47): require_once('C:\\xampp\\htdocs...')
#10 {main}
CRITICAL - 2023-03-16 15:17:27 --> Unknown column 'gambar' in 'field list'
in SYSTEMPATH\Database\BaseConnection.php on line 645.
 1 SYSTEMPATH\Database\BaseBuilder.php(2462): CodeIgniter\Database\BaseConnection->query('UPDATE `barang` SET `gambar` = :gambar:, `updated_by` = :updated_by:
WHERE `id` = :id:', [...], false)
 2 APPPATH\Controllers\Admin\Barang.php(141): CodeIgniter\Database\BaseBuilder->update([...])
 3 SYSTEMPATH\CodeIgniter.php(934): App\Controllers\Admin\Barang->add()
 4 SYSTEMPATH\CodeIgniter.php(499): CodeIgniter\CodeIgniter->runController(Object(App\Controllers\Admin\Barang))
 5 SYSTEMPATH\CodeIgniter.php(368): CodeIgniter\CodeIgniter->handleRequest(null, Object(Config\Cache), false)
 6 FCPATH\index.php(67): CodeIgniter\CodeIgniter->run()
 7 SYSTEMPATH\Commands\Server\rewrite.php(47): require_once('FCPATH\\index.php')
INFO - 2023-03-16 15:26:47 --> Session: Class initialized using 'CodeIgniter\Session\Handlers\FileHandler' driver.
ERROR - 2023-03-16 15:26:47 --> mysqli_sql_exception: Unknown column 'gambar' in 'field list' in C:\xampp\htdocs\diby-leather\vendor\codeigniter4\framework\system\Database\MySQLi\Connection.php:295
Stack trace:
#0 C:\xampp\htdocs\diby-leather\vendor\codeigniter4\framework\system\Database\MySQLi\Connection.php(295): mysqli->query('UPDATE `barang`...', 0)
#1 C:\xampp\htdocs\diby-leather\vendor\codeigniter4\framework\system\Database\BaseConnection.php(691): CodeIgniter\Database\MySQLi\Connection->execute('UPDATE `barang`...')
#2 C:\xampp\htdocs\diby-leather\vendor\codeigniter4\framework\system\Database\BaseConnection.php(605): CodeIgniter\Database\BaseConnection->simpleQuery('UPDATE `barang`...')
#3 C:\xampp\htdocs\diby-leather\vendor\codeigniter4\framework\system\Database\BaseBuilder.php(2462): CodeIgniter\Database\BaseConnection->query('UPDATE `barang`...', Array, false)
#4 C:\xampp\htdocs\diby-leather\app\Controllers\Admin\Barang.php(141): CodeIgniter\Database\BaseBuilder->update(Array)
#5 C:\xampp\htdocs\diby-leather\vendor\codeigniter4\framework\system\CodeIgniter.php(934): App\Controllers\Admin\Barang->add()
#6 C:\xampp\htdocs\diby-leather\vendor\codeigniter4\framework\system\CodeIgniter.php(499): CodeIgniter\CodeIgniter->runController(Object(App\Controllers\Admin\Barang))
#7 C:\xampp\htdocs\diby-leather\vendor\codeigniter4\framework\system\CodeIgniter.php(368): CodeIgniter\CodeIgniter->handleRequest(NULL, Object(Config\Cache), false)
#8 C:\xampp\htdocs\diby-leather\public\index.php(67): CodeIgniter\CodeIgniter->run()
#9 C:\xampp\htdocs\diby-leather\vendor\codeigniter4\framework\system\Commands\Server\rewrite.php(47): require_once('C:\\xampp\\htdocs...')
#10 {main}
CRITICAL - 2023-03-16 15:26:47 --> Unknown column 'gambar' in 'field list'
in SYSTEMPATH\Database\BaseConnection.php on line 645.
 1 SYSTEMPATH\Database\BaseBuilder.php(2462): CodeIgniter\Database\BaseConnection->query('UPDATE `barang` SET `gambar` = :gambar:, `updated_by` = :updated_by:
WHERE `id` = :id:', [...], false)
 2 APPPATH\Controllers\Admin\Barang.php(141): CodeIgniter\Database\BaseBuilder->update([...])
 3 SYSTEMPATH\CodeIgniter.php(934): App\Controllers\Admin\Barang->add()
 4 SYSTEMPATH\CodeIgniter.php(499): CodeIgniter\CodeIgniter->runController(Object(App\Controllers\Admin\Barang))
 5 SYSTEMPATH\CodeIgniter.php(368): CodeIgniter\CodeIgniter->handleRequest(null, Object(Config\Cache), false)
 6 FCPATH\index.php(67): CodeIgniter\CodeIgniter->run()
 7 SYSTEMPATH\Commands\Server\rewrite.php(47): require_once('FCPATH\\index.php')
INFO - 2023-03-16 15:49:41 --> Session: Class initialized using 'CodeIgniter\Session\Handlers\FileHandler' driver.
INFO - 2023-03-16 15:49:44 --> Session: Class initialized using 'CodeIgniter\Session\Handlers\FileHandler' driver.
INFO - 2023-03-16 15:49:49 --> Session: Class initialized using 'CodeIgniter\Session\Handlers\FileHandler' driver.
INFO - 2023-03-16 15:49:58 --> Session: Class initialized using 'CodeIgniter\Session\Handlers\FileHandler' driver.
INFO - 2023-03-16 15:50:01 --> Session: Class initialized using 'CodeIgniter\Session\Handlers\FileHandler' driver.
INFO - 2023-03-16 15:50:08 --> Session: Class initialized using 'CodeIgniter\Session\Handlers\FileHandler' driver.
INFO - 2023-03-16 15:50:11 --> Session: Class initialized using 'CodeIgniter\Session\Handlers\FileHandler' driver.
INFO - 2023-03-16 16:06:47 --> Session: Class initialized using 'CodeIgniter\Session\Handlers\FileHandler' driver.
INFO - 2023-03-16 16:07:09 --> Session: Class initialized using 'CodeIgniter\Session\Handlers\FileHandler' driver.
INFO - 2023-03-16 16:07:10 --> Session: Class initialized using 'CodeIgniter\Session\Handlers\FileHandler' driver.
INFO - 2023-03-16 16:07:10 --> Session: Class initialized using 'CodeIgniter\Session\Handlers\FileHandler' driver.
INFO - 2023-03-16 16:07:34 --> Session: Class initialized using 'CodeIgniter\Session\Handlers\FileHandler' driver.
INFO - 2023-03-16 16:07:50 --> Session: Class initialized using 'CodeIgniter\Session\Handlers\FileHandler' driver.
INFO - 2023-03-16 16:07:51 --> Session: Class initialized using 'CodeIgniter\Session\Handlers\FileHandler' driver.
INFO - 2023-03-16 16:07:59 --> Session: Class initialized using 'CodeIgniter\Session\Handlers\FileHandler' driver.
INFO - 2023-03-16 16:07:59 --> Session: Class initialized using 'CodeIgniter\Session\Handlers\FileHandler' driver.
INFO - 2023-03-16 16:08:08 --> Session: Class initialized using 'CodeIgniter\Session\Handlers\FileHandler' driver.
INFO - 2023-03-16 16:08:09 --> Session: Class initialized using 'CodeIgniter\Session\Handlers\FileHandler' driver.
INFO - 2023-03-16 16:08:13 --> Session: Class initialized using 'CodeIgniter\Session\Handlers\FileHandler' driver.
INFO - 2023-03-16 16:08:48 --> Session: Class initialized using 'CodeIgniter\Session\Handlers\FileHandler' driver.
ERROR - 2023-03-16 16:08:49 --> mysqli_sql_exception: Unknown column 'gambar' in 'field list' in C:\xampp\htdocs\diby-leather\vendor\codeigniter4\framework\system\Database\MySQLi\Connection.php:295
Stack trace:
#0 C:\xampp\htdocs\diby-leather\vendor\codeigniter4\framework\system\Database\MySQLi\Connection.php(295): mysqli->query('UPDATE `barang`...', 0)
#1 C:\xampp\htdocs\diby-leather\vendor\codeigniter4\framework\system\Database\BaseConnection.php(691): CodeIgniter\Database\MySQLi\Connection->execute('UPDATE `barang`...')
#2 C:\xampp\htdocs\diby-leather\vendor\codeigniter4\framework\system\Database\BaseConnection.php(605): CodeIgniter\Database\BaseConnection->simpleQuery('UPDATE `barang`...')
#3 C:\xampp\htdocs\diby-leather\vendor\codeigniter4\framework\system\Database\BaseBuilder.php(2462): CodeIgniter\Database\BaseConnection->query('UPDATE `barang`...', Array, false)
#4 C:\xampp\htdocs\diby-leather\app\Controllers\Admin\Barang.php(141): CodeIgniter\Database\BaseBuilder->update(Array)
#5 C:\xampp\htdocs\diby-leather\vendor\codeigniter4\framework\system\CodeIgniter.php(934): App\Controllers\Admin\Barang->add()
#6 C:\xampp\htdocs\diby-leather\vendor\codeigniter4\framework\system\CodeIgniter.php(499): CodeIgniter\CodeIgniter->runController(Object(App\Controllers\Admin\Barang))
#7 C:\xampp\htdocs\diby-leather\vendor\codeigniter4\framework\system\CodeIgniter.php(368): CodeIgniter\CodeIgniter->handleRequest(NULL, Object(Config\Cache), false)
#8 C:\xampp\htdocs\diby-leather\public\index.php(67): CodeIgniter\CodeIgniter->run()
#9 C:\xampp\htdocs\diby-leather\vendor\codeigniter4\framework\system\Commands\Server\rewrite.php(47): require_once('C:\\xampp\\htdocs...')
#10 {main}
CRITICAL - 2023-03-16 16:08:49 --> Unknown column 'gambar' in 'field list'
in SYSTEMPATH\Database\BaseConnection.php on line 645.
 1 SYSTEMPATH\Database\BaseBuilder.php(2462): CodeIgniter\Database\BaseConnection->query('UPDATE `barang` SET `gambar` = :gambar:, `updated_by` = :updated_by:
WHERE `id` = :id:', [...], false)
 2 APPPATH\Controllers\Admin\Barang.php(141): CodeIgniter\Database\BaseBuilder->update([...])
 3 SYSTEMPATH\CodeIgniter.php(934): App\Controllers\Admin\Barang->add()
 4 SYSTEMPATH\CodeIgniter.php(499): CodeIgniter\CodeIgniter->runController(Object(App\Controllers\Admin\Barang))
 5 SYSTEMPATH\CodeIgniter.php(368): CodeIgniter\CodeIgniter->handleRequest(null, Object(Config\Cache), false)
 6 FCPATH\index.php(67): CodeIgniter\CodeIgniter->run()
 7 SYSTEMPATH\Commands\Server\rewrite.php(47): require_once('FCPATH\\index.php')
INFO - 2023-03-16 16:08:55 --> Session: Class initialized using 'CodeIgniter\Session\Handlers\FileHandler' driver.
