INFO - 2023-03-24 08:36:04 --> Session: Class initialized using 'CodeIgniter\Session\Handlers\FileHandler' driver.
INFO - 2023-03-24 08:36:11 --> Session: Class initialized using 'CodeIgniter\Session\Handlers\FileHandler' driver.
INFO - 2023-03-24 08:52:18 --> Session: Class initialized using 'CodeIgniter\Session\Handlers\FileHandler' driver.
INFO - 2023-03-24 08:52:21 --> Session: Class initialized using 'CodeIgniter\Session\Handlers\FileHandler' driver.
INFO - 2023-03-24 08:52:23 --> Session: Class initialized using 'CodeIgniter\Session\Handlers\FileHandler' driver.
INFO - 2023-03-24 08:52:39 --> Session: Class initialized using 'CodeIgniter\Session\Handlers\FileHandler' driver.
INFO - 2023-03-24 08:53:43 --> Session: Class initialized using 'CodeIgniter\Session\Handlers\FileHandler' driver.
INFO - 2023-03-24 08:54:28 --> Session: Class initialized using 'CodeIgniter\Session\Handlers\FileHandler' driver.
INFO - 2023-03-24 08:54:44 --> Session: Class initialized using 'CodeIgniter\Session\Handlers\FileHandler' driver.
INFO - 2023-03-24 08:54:53 --> Session: Class initialized using 'CodeIgniter\Session\Handlers\FileHandler' driver.
INFO - 2023-03-24 08:55:40 --> Session: Class initialized using 'CodeIgniter\Session\Handlers\FileHandler' driver.
INFO - 2023-03-24 08:56:00 --> Session: Class initialized using 'CodeIgniter\Session\Handlers\FileHandler' driver.
INFO - 2023-03-24 09:06:03 --> Session: Class initialized using 'CodeIgniter\Session\Handlers\FileHandler' driver.
INFO - 2023-03-24 09:06:10 --> Session: Class initialized using 'CodeIgniter\Session\Handlers\FileHandler' driver.
INFO - 2023-03-24 09:07:56 --> Session: Class initialized using 'CodeIgniter\Session\Handlers\FileHandler' driver.
INFO - 2023-03-24 09:07:59 --> Session: Class initialized using 'CodeIgniter\Session\Handlers\FileHandler' driver.
INFO - 2023-03-24 09:14:25 --> Session: Class initialized using 'CodeIgniter\Session\Handlers\FileHandler' driver.
ERROR - 2023-03-24 09:14:30 --> Error connecting to the database: mysqli_sql_exception: No connection could be made because the target machine actively refused it.
 in C:\xampp\htdocs\diby-leather\vendor\codeigniter4\framework\system\Database\MySQLi\Connection.php:174
Stack trace:
#0 C:\xampp\htdocs\diby-leather\vendor\codeigniter4\framework\system\Database\MySQLi\Connection.php(174): mysqli->real_connect('localhost', 'root', '', 'diby', 3306, '', 0)
#1 C:\xampp\htdocs\diby-leather\vendor\codeigniter4\framework\system\Database\BaseConnection.php(391): CodeIgniter\Database\MySQLi\Connection->connect(false)
#2 C:\xampp\htdocs\diby-leather\vendor\codeigniter4\framework\system\Database\BaseConnection.php(573): CodeIgniter\Database\BaseConnection->initialize()
#3 C:\xampp\htdocs\diby-leather\vendor\codeigniter4\framework\system\Database\BaseBuilder.php(1602): CodeIgniter\Database\BaseConnection->query('SELECT *\nFROM `...', Array, false)
#4 C:\xampp\htdocs\diby-leather\vendor\codeigniter4\framework\system\Model.php(199): CodeIgniter\Database\BaseBuilder->get()
#5 C:\xampp\htdocs\diby-leather\vendor\codeigniter4\framework\system\BaseModel.php(557): CodeIgniter\Model->doFind(true, '7')
#6 C:\xampp\htdocs\diby-leather\vendor\myth\auth\src\Authentication\AuthenticationBase.php(130): CodeIgniter\BaseModel->find('7')
#7 C:\xampp\htdocs\diby-leather\vendor\myth\auth\src\Authentication\LocalAuthenticator.php(67): Myth\Auth\Authentication\AuthenticationBase->isLoggedIn()
#8 C:\xampp\htdocs\diby-leather\vendor\myth\auth\src\Helpers\auth_helper.php(13): Myth\Auth\Authentication\LocalAuthenticator->check()
#9 C:\xampp\htdocs\diby-leather\app\Controllers\Guest\Home.php(17): logged_in()
#10 C:\xampp\htdocs\diby-leather\vendor\codeigniter4\framework\system\CodeIgniter.php(934): App\Controllers\Guest\Home->index()
#11 C:\xampp\htdocs\diby-leather\vendor\codeigniter4\framework\system\CodeIgniter.php(499): CodeIgniter\CodeIgniter->runController(Object(App\Controllers\Guest\Home))
#12 C:\xampp\htdocs\diby-leather\vendor\codeigniter4\framework\system\CodeIgniter.php(368): CodeIgniter\CodeIgniter->handleRequest(NULL, Object(Config\Cache), false)
#13 C:\xampp\htdocs\diby-leather\public\index.php(67): CodeIgniter\CodeIgniter->run()
#14 C:\xampp\htdocs\diby-leather\vendor\codeigniter4\framework\system\Commands\Server\rewrite.php(47): require_once('C:\\xampp\\htdocs...')
#15 {main}

Next CodeIgniter\Database\Exceptions\DatabaseException: No connection could be made because the target machine actively refused it.
 in C:\xampp\htdocs\diby-leather\vendor\codeigniter4\framework\system\Database\MySQLi\Connection.php:218
Stack trace:
#0 C:\xampp\htdocs\diby-leather\vendor\codeigniter4\framework\system\Database\BaseConnection.php(391): CodeIgniter\Database\MySQLi\Connection->connect(false)
#1 C:\xampp\htdocs\diby-leather\vendor\codeigniter4\framework\system\Database\BaseConnection.php(573): CodeIgniter\Database\BaseConnection->initialize()
#2 C:\xampp\htdocs\diby-leather\vendor\codeigniter4\framework\system\Database\BaseBuilder.php(1602): CodeIgniter\Database\BaseConnection->query('SELECT *\nFROM `...', Array, false)
#3 C:\xampp\htdocs\diby-leather\vendor\codeigniter4\framework\system\Model.php(199): CodeIgniter\Database\BaseBuilder->get()
#4 C:\xampp\htdocs\diby-leather\vendor\codeigniter4\framework\system\BaseModel.php(557): CodeIgniter\Model->doFind(true, '7')
#5 C:\xampp\htdocs\diby-leather\vendor\myth\auth\src\Authentication\AuthenticationBase.php(130): CodeIgniter\BaseModel->find('7')
#6 C:\xampp\htdocs\diby-leather\vendor\myth\auth\src\Authentication\LocalAuthenticator.php(67): Myth\Auth\Authentication\AuthenticationBase->isLoggedIn()
#7 C:\xampp\htdocs\diby-leather\vendor\myth\auth\src\Helpers\auth_helper.php(13): Myth\Auth\Authentication\LocalAuthenticator->check()
#8 C:\xampp\htdocs\diby-leather\app\Controllers\Guest\Home.php(17): logged_in()
#9 C:\xampp\htdocs\diby-leather\vendor\codeigniter4\framework\system\CodeIgniter.php(934): App\Controllers\Guest\Home->index()
#10 C:\xampp\htdocs\diby-leather\vendor\codeigniter4\framework\system\CodeIgniter.php(499): CodeIgniter\CodeIgniter->runController(Object(App\Controllers\Guest\Home))
#11 C:\xampp\htdocs\diby-leather\vendor\codeigniter4\framework\system\CodeIgniter.php(368): CodeIgniter\CodeIgniter->handleRequest(NULL, Object(Config\Cache), false)
#12 C:\xampp\htdocs\diby-leather\public\index.php(67): CodeIgniter\CodeIgniter->run()
#13 C:\xampp\htdocs\diby-leather\vendor\codeigniter4\framework\system\Commands\Server\rewrite.php(47): require_once('C:\\xampp\\htdocs...')
#14 {main}
CRITICAL - 2023-03-24 09:14:30 --> Unable to connect to the database.
Main connection [MySQLi]: No connection could be made because the target machine actively refused it.

in SYSTEMPATH\Database\BaseConnection.php on line 427.
 1 SYSTEMPATH\Database\BaseConnection.php(573): CodeIgniter\Database\BaseConnection->initialize()
 2 SYSTEMPATH\Database\BaseBuilder.php(1602): CodeIgniter\Database\BaseConnection->query('SELECT *
FROM `users`
WHERE `users`.`deleted_at` IS NULL
AND `users`.`id` = :users.id:', [...], false)
 3 SYSTEMPATH\Model.php(199): CodeIgniter\Database\BaseBuilder->get()
 4 SYSTEMPATH\BaseModel.php(557): CodeIgniter\Model->doFind(true, '7')
 5 VENDORPATH\myth\auth\src\Authentication\AuthenticationBase.php(130): CodeIgniter\BaseModel->find('7')
 6 VENDORPATH\myth\auth\src\Authentication\LocalAuthenticator.php(67): Myth\Auth\Authentication\AuthenticationBase->isLoggedIn()
 7 VENDORPATH\myth\auth\src\Helpers\auth_helper.php(13): Myth\Auth\Authentication\LocalAuthenticator->check()
 8 APPPATH\Controllers\Guest\Home.php(17): logged_in()
 9 SYSTEMPATH\CodeIgniter.php(934): App\Controllers\Guest\Home->index()
10 SYSTEMPATH\CodeIgniter.php(499): CodeIgniter\CodeIgniter->runController(Object(App\Controllers\Guest\Home))
11 SYSTEMPATH\CodeIgniter.php(368): CodeIgniter\CodeIgniter->handleRequest(null, Object(Config\Cache), false)
12 FCPATH\index.php(67): CodeIgniter\CodeIgniter->run()
13 SYSTEMPATH\Commands\Server\rewrite.php(47): require_once('FCPATH\\index.php')
INFO - 2023-03-24 09:15:05 --> Session: Class initialized using 'CodeIgniter\Session\Handlers\FileHandler' driver.
ERROR - 2023-03-24 09:15:10 --> Error connecting to the database: mysqli_sql_exception: No connection could be made because the target machine actively refused it.
 in C:\xampp\htdocs\diby-leather\vendor\codeigniter4\framework\system\Database\MySQLi\Connection.php:174
Stack trace:
#0 C:\xampp\htdocs\diby-leather\vendor\codeigniter4\framework\system\Database\MySQLi\Connection.php(174): mysqli->real_connect('localhost', 'root', '', 'diby', 3306, '', 0)
#1 C:\xampp\htdocs\diby-leather\vendor\codeigniter4\framework\system\Database\BaseConnection.php(391): CodeIgniter\Database\MySQLi\Connection->connect(false)
#2 C:\xampp\htdocs\diby-leather\vendor\codeigniter4\framework\system\Database\BaseConnection.php(573): CodeIgniter\Database\BaseConnection->initialize()
#3 C:\xampp\htdocs\diby-leather\vendor\codeigniter4\framework\system\Database\BaseBuilder.php(1602): CodeIgniter\Database\BaseConnection->query('SELECT *\nFROM `...', Array, false)
#4 C:\xampp\htdocs\diby-leather\vendor\codeigniter4\framework\system\Model.php(199): CodeIgniter\Database\BaseBuilder->get()
#5 C:\xampp\htdocs\diby-leather\vendor\codeigniter4\framework\system\BaseModel.php(557): CodeIgniter\Model->doFind(true, '7')
#6 C:\xampp\htdocs\diby-leather\vendor\myth\auth\src\Authentication\AuthenticationBase.php(130): CodeIgniter\BaseModel->find('7')
#7 C:\xampp\htdocs\diby-leather\vendor\myth\auth\src\Authentication\LocalAuthenticator.php(67): Myth\Auth\Authentication\AuthenticationBase->isLoggedIn()
#8 C:\xampp\htdocs\diby-leather\vendor\myth\auth\src\Helpers\auth_helper.php(13): Myth\Auth\Authentication\LocalAuthenticator->check()
#9 C:\xampp\htdocs\diby-leather\app\Controllers\Guest\Home.php(17): logged_in()
#10 C:\xampp\htdocs\diby-leather\vendor\codeigniter4\framework\system\CodeIgniter.php(934): App\Controllers\Guest\Home->index()
#11 C:\xampp\htdocs\diby-leather\vendor\codeigniter4\framework\system\CodeIgniter.php(499): CodeIgniter\CodeIgniter->runController(Object(App\Controllers\Guest\Home))
#12 C:\xampp\htdocs\diby-leather\vendor\codeigniter4\framework\system\CodeIgniter.php(368): CodeIgniter\CodeIgniter->handleRequest(NULL, Object(Config\Cache), false)
#13 C:\xampp\htdocs\diby-leather\public\index.php(67): CodeIgniter\CodeIgniter->run()
#14 C:\xampp\htdocs\diby-leather\vendor\codeigniter4\framework\system\Commands\Server\rewrite.php(47): require_once('C:\\xampp\\htdocs...')
#15 {main}

Next CodeIgniter\Database\Exceptions\DatabaseException: No connection could be made because the target machine actively refused it.
 in C:\xampp\htdocs\diby-leather\vendor\codeigniter4\framework\system\Database\MySQLi\Connection.php:218
Stack trace:
#0 C:\xampp\htdocs\diby-leather\vendor\codeigniter4\framework\system\Database\BaseConnection.php(391): CodeIgniter\Database\MySQLi\Connection->connect(false)
#1 C:\xampp\htdocs\diby-leather\vendor\codeigniter4\framework\system\Database\BaseConnection.php(573): CodeIgniter\Database\BaseConnection->initialize()
#2 C:\xampp\htdocs\diby-leather\vendor\codeigniter4\framework\system\Database\BaseBuilder.php(1602): CodeIgniter\Database\BaseConnection->query('SELECT *\nFROM `...', Array, false)
#3 C:\xampp\htdocs\diby-leather\vendor\codeigniter4\framework\system\Model.php(199): CodeIgniter\Database\BaseBuilder->get()
#4 C:\xampp\htdocs\diby-leather\vendor\codeigniter4\framework\system\BaseModel.php(557): CodeIgniter\Model->doFind(true, '7')
#5 C:\xampp\htdocs\diby-leather\vendor\myth\auth\src\Authentication\AuthenticationBase.php(130): CodeIgniter\BaseModel->find('7')
#6 C:\xampp\htdocs\diby-leather\vendor\myth\auth\src\Authentication\LocalAuthenticator.php(67): Myth\Auth\Authentication\AuthenticationBase->isLoggedIn()
#7 C:\xampp\htdocs\diby-leather\vendor\myth\auth\src\Helpers\auth_helper.php(13): Myth\Auth\Authentication\LocalAuthenticator->check()
#8 C:\xampp\htdocs\diby-leather\app\Controllers\Guest\Home.php(17): logged_in()
#9 C:\xampp\htdocs\diby-leather\vendor\codeigniter4\framework\system\CodeIgniter.php(934): App\Controllers\Guest\Home->index()
#10 C:\xampp\htdocs\diby-leather\vendor\codeigniter4\framework\system\CodeIgniter.php(499): CodeIgniter\CodeIgniter->runController(Object(App\Controllers\Guest\Home))
#11 C:\xampp\htdocs\diby-leather\vendor\codeigniter4\framework\system\CodeIgniter.php(368): CodeIgniter\CodeIgniter->handleRequest(NULL, Object(Config\Cache), false)
#12 C:\xampp\htdocs\diby-leather\public\index.php(67): CodeIgniter\CodeIgniter->run()
#13 C:\xampp\htdocs\diby-leather\vendor\codeigniter4\framework\system\Commands\Server\rewrite.php(47): require_once('C:\\xampp\\htdocs...')
#14 {main}
CRITICAL - 2023-03-24 09:15:10 --> Unable to connect to the database.
Main connection [MySQLi]: No connection could be made because the target machine actively refused it.

in SYSTEMPATH\Database\BaseConnection.php on line 427.
 1 SYSTEMPATH\Database\BaseConnection.php(573): CodeIgniter\Database\BaseConnection->initialize()
 2 SYSTEMPATH\Database\BaseBuilder.php(1602): CodeIgniter\Database\BaseConnection->query('SELECT *
FROM `users`
WHERE `users`.`deleted_at` IS NULL
AND `users`.`id` = :users.id:', [...], false)
 3 SYSTEMPATH\Model.php(199): CodeIgniter\Database\BaseBuilder->get()
 4 SYSTEMPATH\BaseModel.php(557): CodeIgniter\Model->doFind(true, '7')
 5 VENDORPATH\myth\auth\src\Authentication\AuthenticationBase.php(130): CodeIgniter\BaseModel->find('7')
 6 VENDORPATH\myth\auth\src\Authentication\LocalAuthenticator.php(67): Myth\Auth\Authentication\AuthenticationBase->isLoggedIn()
 7 VENDORPATH\myth\auth\src\Helpers\auth_helper.php(13): Myth\Auth\Authentication\LocalAuthenticator->check()
 8 APPPATH\Controllers\Guest\Home.php(17): logged_in()
 9 SYSTEMPATH\CodeIgniter.php(934): App\Controllers\Guest\Home->index()
10 SYSTEMPATH\CodeIgniter.php(499): CodeIgniter\CodeIgniter->runController(Object(App\Controllers\Guest\Home))
11 SYSTEMPATH\CodeIgniter.php(368): CodeIgniter\CodeIgniter->handleRequest(null, Object(Config\Cache), false)
12 FCPATH\index.php(67): CodeIgniter\CodeIgniter->run()
13 SYSTEMPATH\Commands\Server\rewrite.php(47): require_once('FCPATH\\index.php')
INFO - 2023-03-24 09:15:40 --> Session: Class initialized using 'CodeIgniter\Session\Handlers\FileHandler' driver.
INFO - 2023-03-24 09:15:42 --> Session: Class initialized using 'CodeIgniter\Session\Handlers\FileHandler' driver.
INFO - 2023-03-24 09:15:55 --> Session: Class initialized using 'CodeIgniter\Session\Handlers\FileHandler' driver.
CRITICAL - 2023-03-24 09:16:25 --> Invalid file: "guest/profil/index.php"
in SYSTEMPATH\Exceptions\FrameworkException.php on line 33.
 1 SYSTEMPATH\View\View.php(201): CodeIgniter\Exceptions\FrameworkException::forInvalidFile('guest/profil/index.php')
 2 SYSTEMPATH\Common.php(1177): CodeIgniter\View\View->render('guest/profil/index', [], true)
 3 APPPATH\Controllers\Guest\Profil.php(15): view('guest/profil/index', [...])
 4 SYSTEMPATH\CodeIgniter.php(934): App\Controllers\Guest\Profil->index()
 5 SYSTEMPATH\CodeIgniter.php(499): CodeIgniter\CodeIgniter->runController(Object(App\Controllers\Guest\Profil))
 6 SYSTEMPATH\CodeIgniter.php(368): CodeIgniter\CodeIgniter->handleRequest(null, Object(Config\Cache), false)
 7 FCPATH\index.php(67): CodeIgniter\CodeIgniter->run()
 8 SYSTEMPATH\Commands\Server\rewrite.php(47): require_once('FCPATH\\index.php')
INFO - 2023-03-24 09:16:28 --> Session: Class initialized using 'CodeIgniter\Session\Handlers\FileHandler' driver.
INFO - 2023-03-24 09:16:34 --> Session: Class initialized using 'CodeIgniter\Session\Handlers\FileHandler' driver.
INFO - 2023-03-24 09:16:35 --> Session: Class initialized using 'CodeIgniter\Session\Handlers\FileHandler' driver.
INFO - 2023-03-24 09:16:39 --> Session: Class initialized using 'CodeIgniter\Session\Handlers\FileHandler' driver.
INFO - 2023-03-24 09:16:40 --> Session: Class initialized using 'CodeIgniter\Session\Handlers\FileHandler' driver.
INFO - 2023-03-24 09:16:45 --> Session: Class initialized using 'CodeIgniter\Session\Handlers\FileHandler' driver.
INFO - 2023-03-24 09:17:03 --> Session: Class initialized using 'CodeIgniter\Session\Handlers\FileHandler' driver.
INFO - 2023-03-24 09:17:05 --> Session: Class initialized using 'CodeIgniter\Session\Handlers\FileHandler' driver.
INFO - 2023-03-24 09:17:31 --> Session: Class initialized using 'CodeIgniter\Session\Handlers\FileHandler' driver.
INFO - 2023-03-24 09:17:33 --> Session: Class initialized using 'CodeIgniter\Session\Handlers\FileHandler' driver.
INFO - 2023-03-24 09:17:40 --> Session: Class initialized using 'CodeIgniter\Session\Handlers\FileHandler' driver.
INFO - 2023-03-24 09:17:53 --> Session: Class initialized using 'CodeIgniter\Session\Handlers\FileHandler' driver.
INFO - 2023-03-24 13:21:55 --> Session: Class initialized using 'CodeIgniter\Session\Handlers\FileHandler' driver.
INFO - 2023-03-24 13:22:00 --> Session: Class initialized using 'CodeIgniter\Session\Handlers\FileHandler' driver.
INFO - 2023-03-24 13:30:18 --> Session: Class initialized using 'CodeIgniter\Session\Handlers\FileHandler' driver.
INFO - 2023-03-24 13:30:49 --> Session: Class initialized using 'CodeIgniter\Session\Handlers\FileHandler' driver.
INFO - 2023-03-24 13:31:01 --> Session: Class initialized using 'CodeIgniter\Session\Handlers\FileHandler' driver.
INFO - 2023-03-24 13:31:48 --> Session: Class initialized using 'CodeIgniter\Session\Handlers\FileHandler' driver.
INFO - 2023-03-24 13:31:50 --> Session: Class initialized using 'CodeIgniter\Session\Handlers\FileHandler' driver.
INFO - 2023-03-24 13:31:52 --> Session: Class initialized using 'CodeIgniter\Session\Handlers\FileHandler' driver.
INFO - 2023-03-24 13:32:07 --> Session: Class initialized using 'CodeIgniter\Session\Handlers\FileHandler' driver.
CRITICAL - 2023-03-24 13:33:03 --> Invalid file: "guest/profil/index.php"
in SYSTEMPATH\Exceptions\FrameworkException.php on line 33.
 1 SYSTEMPATH\View\View.php(201): CodeIgniter\Exceptions\FrameworkException::forInvalidFile('guest/profil/index.php')
 2 SYSTEMPATH\Common.php(1177): CodeIgniter\View\View->render('guest/profil/index', [], true)
 3 APPPATH\Controllers\Guest\Profil.php(15): view('guest/profil/index', [...])
 4 SYSTEMPATH\CodeIgniter.php(934): App\Controllers\Guest\Profil->index()
 5 SYSTEMPATH\CodeIgniter.php(499): CodeIgniter\CodeIgniter->runController(Object(App\Controllers\Guest\Profil))
 6 SYSTEMPATH\CodeIgniter.php(368): CodeIgniter\CodeIgniter->handleRequest(null, Object(Config\Cache), false)
 7 FCPATH\index.php(67): CodeIgniter\CodeIgniter->run()
 8 SYSTEMPATH\Commands\Server\rewrite.php(47): require_once('FCPATH\\index.php')
INFO - 2023-03-24 13:36:15 --> Session: Class initialized using 'CodeIgniter\Session\Handlers\FileHandler' driver.
INFO - 2023-03-24 13:36:35 --> Session: Class initialized using 'CodeIgniter\Session\Handlers\FileHandler' driver.
INFO - 2023-03-24 13:40:01 --> Session: Class initialized using 'CodeIgniter\Session\Handlers\FileHandler' driver.
INFO - 2023-03-24 13:40:21 --> Session: Class initialized using 'CodeIgniter\Session\Handlers\FileHandler' driver.
INFO - 2023-03-24 13:41:19 --> Session: Class initialized using 'CodeIgniter\Session\Handlers\FileHandler' driver.
INFO - 2023-03-24 13:41:33 --> Session: Class initialized using 'CodeIgniter\Session\Handlers\FileHandler' driver.
INFO - 2023-03-24 13:42:14 --> Session: Class initialized using 'CodeIgniter\Session\Handlers\FileHandler' driver.
INFO - 2023-03-24 13:42:30 --> Session: Class initialized using 'CodeIgniter\Session\Handlers\FileHandler' driver.
INFO - 2023-03-24 13:42:55 --> Session: Class initialized using 'CodeIgniter\Session\Handlers\FileHandler' driver.
INFO - 2023-03-24 13:43:41 --> Session: Class initialized using 'CodeIgniter\Session\Handlers\FileHandler' driver.
INFO - 2023-03-24 13:46:16 --> Session: Class initialized using 'CodeIgniter\Session\Handlers\FileHandler' driver.
INFO - 2023-03-24 13:46:29 --> Session: Class initialized using 'CodeIgniter\Session\Handlers\FileHandler' driver.
INFO - 2023-03-24 13:53:26 --> Session: Class initialized using 'CodeIgniter\Session\Handlers\FileHandler' driver.
INFO - 2023-03-24 13:53:39 --> Session: Class initialized using 'CodeIgniter\Session\Handlers\FileHandler' driver.
INFO - 2023-03-24 13:54:55 --> Session: Class initialized using 'CodeIgniter\Session\Handlers\FileHandler' driver.
INFO - 2023-03-24 13:55:11 --> Session: Class initialized using 'CodeIgniter\Session\Handlers\FileHandler' driver.
INFO - 2023-03-24 13:57:30 --> Session: Class initialized using 'CodeIgniter\Session\Handlers\FileHandler' driver.
INFO - 2023-03-24 13:57:51 --> Session: Class initialized using 'CodeIgniter\Session\Handlers\FileHandler' driver.
INFO - 2023-03-24 13:57:57 --> Session: Class initialized using 'CodeIgniter\Session\Handlers\FileHandler' driver.
INFO - 2023-03-24 13:57:59 --> Session: Class initialized using 'CodeIgniter\Session\Handlers\FileHandler' driver.
INFO - 2023-03-24 14:01:55 --> Session: Class initialized using 'CodeIgniter\Session\Handlers\FileHandler' driver.
INFO - 2023-03-24 14:02:07 --> Session: Class initialized using 'CodeIgniter\Session\Handlers\FileHandler' driver.
INFO - 2023-03-24 14:03:17 --> Session: Class initialized using 'CodeIgniter\Session\Handlers\FileHandler' driver.
INFO - 2023-03-24 14:03:24 --> Session: Class initialized using 'CodeIgniter\Session\Handlers\FileHandler' driver.
INFO - 2023-03-24 14:04:41 --> Session: Class initialized using 'CodeIgniter\Session\Handlers\FileHandler' driver.
INFO - 2023-03-24 14:05:09 --> Session: Class initialized using 'CodeIgniter\Session\Handlers\FileHandler' driver.
INFO - 2023-03-24 14:05:24 --> Session: Class initialized using 'CodeIgniter\Session\Handlers\FileHandler' driver.
INFO - 2023-03-24 14:05:50 --> Session: Class initialized using 'CodeIgniter\Session\Handlers\FileHandler' driver.
INFO - 2023-03-24 14:08:11 --> Session: Class initialized using 'CodeIgniter\Session\Handlers\FileHandler' driver.
INFO - 2023-03-24 14:08:27 --> Session: Class initialized using 'CodeIgniter\Session\Handlers\FileHandler' driver.
INFO - 2023-03-24 14:15:57 --> Session: Class initialized using 'CodeIgniter\Session\Handlers\FileHandler' driver.
INFO - 2023-03-24 14:16:34 --> Session: Class initialized using 'CodeIgniter\Session\Handlers\FileHandler' driver.
INFO - 2023-03-24 14:16:54 --> Session: Class initialized using 'CodeIgniter\Session\Handlers\FileHandler' driver.
CRITICAL - 2023-03-24 14:16:54 --> Object of class CodeIgniter\Session\Session could not be converted to string
in APPPATH\Views\guest\profil\index.php on line 25.
 1 SYSTEMPATH\View\View.php(213): include()
 2 SYSTEMPATH\View\View.php(216): CodeIgniter\View\View->CodeIgniter\View\{closure}()
 3 SYSTEMPATH\Common.php(1177): CodeIgniter\View\View->render('guest/profil/index', [], true)
 4 APPPATH\Controllers\Guest\Profil.php(15): view('guest/profil/index', [...])
 5 SYSTEMPATH\CodeIgniter.php(934): App\Controllers\Guest\Profil->index()
 6 SYSTEMPATH\CodeIgniter.php(499): CodeIgniter\CodeIgniter->runController(Object(App\Controllers\Guest\Profil))
 7 SYSTEMPATH\CodeIgniter.php(368): CodeIgniter\CodeIgniter->handleRequest(null, Object(Config\Cache), false)
 8 FCPATH\index.php(67): CodeIgniter\CodeIgniter->run()
 9 SYSTEMPATH\Commands\Server\rewrite.php(47): require_once('FCPATH\\index.php')
INFO - 2023-03-24 14:19:06 --> Session: Class initialized using 'CodeIgniter\Session\Handlers\FileHandler' driver.
INFO - 2023-03-24 14:19:08 --> Session: Class initialized using 'CodeIgniter\Session\Handlers\FileHandler' driver.
INFO - 2023-03-24 14:23:41 --> Session: Class initialized using 'CodeIgniter\Session\Handlers\FileHandler' driver.
CRITICAL - 2023-03-24 14:23:41 --> Array to string conversion
in APPPATH\Views\guest\profil\index.php on line 25.
 1 APPPATH\Views\guest\profil\index.php(25): CodeIgniter\Debug\Exceptions->errorHandler(8, 'Array to string conversion', 'APPPATH\\Views\\guest\\profil\\index.php', 25, [...])
 2 SYSTEMPATH\View\View.php(213): include('APPPATH\\Views\\guest\\profil\\index.php')
 3 SYSTEMPATH\View\View.php(216): CodeIgniter\View\View->CodeIgniter\View\{closure}()
 4 SYSTEMPATH\Common.php(1177): CodeIgniter\View\View->render('guest/profil/index', [], true)
 5 APPPATH\Controllers\Guest\Profil.php(15): view('guest/profil/index', [...])
 6 SYSTEMPATH\CodeIgniter.php(934): App\Controllers\Guest\Profil->index()
 7 SYSTEMPATH\CodeIgniter.php(499): CodeIgniter\CodeIgniter->runController(Object(App\Controllers\Guest\Profil))
 8 SYSTEMPATH\CodeIgniter.php(368): CodeIgniter\CodeIgniter->handleRequest(null, Object(Config\Cache), false)
 9 FCPATH\index.php(67): CodeIgniter\CodeIgniter->run()
10 SYSTEMPATH\Commands\Server\rewrite.php(47): require_once('FCPATH\\index.php')
CRITICAL - 2023-03-24 14:24:19 --> syntax error, unexpected ';', expecting ')'
in APPPATH\Views\guest\profil\index.php on line 25.
 1 SYSTEMPATH\View\View.php(216): CodeIgniter\View\View->CodeIgniter\View\{closure}()
 2 SYSTEMPATH\Common.php(1177): CodeIgniter\View\View->render('guest/profil/index', [], true)
 3 APPPATH\Controllers\Guest\Profil.php(15): view('guest/profil/index', [...])
 4 SYSTEMPATH\CodeIgniter.php(934): App\Controllers\Guest\Profil->index()
 5 SYSTEMPATH\CodeIgniter.php(499): CodeIgniter\CodeIgniter->runController(Object(App\Controllers\Guest\Profil))
 6 SYSTEMPATH\CodeIgniter.php(368): CodeIgniter\CodeIgniter->handleRequest(null, Object(Config\Cache), false)
 7 FCPATH\index.php(67): CodeIgniter\CodeIgniter->run()
 8 SYSTEMPATH\Commands\Server\rewrite.php(47): require_once('FCPATH\\index.php')
INFO - 2023-03-24 14:24:40 --> Session: Class initialized using 'CodeIgniter\Session\Handlers\FileHandler' driver.
INFO - 2023-03-24 14:25:43 --> Session: Class initialized using 'CodeIgniter\Session\Handlers\FileHandler' driver.
