INFO - 2023-03-26 12:36:04 --> Session: Class initialized using 'CodeIgniter\Session\Handlers\FileHandler' driver.
INFO - 2023-03-26 12:36:05 --> Session: Class initialized using 'CodeIgniter\Session\Handlers\FileHandler' driver.
INFO - 2023-03-26 12:36:06 --> Session: Class initialized using 'CodeIgniter\Session\Handlers\FileHandler' driver.
INFO - 2023-03-26 12:36:15 --> Session: Class initialized using 'CodeIgniter\Session\Handlers\FileHandler' driver.
INFO - 2023-03-26 12:36:24 --> Session: Class initialized using 'CodeIgniter\Session\Handlers\FileHandler' driver.
INFO - 2023-03-26 12:36:32 --> Session: Class initialized using 'CodeIgniter\Session\Handlers\FileHandler' driver.
INFO - 2023-03-26 12:36:35 --> Session: Class initialized using 'CodeIgniter\Session\Handlers\FileHandler' driver.
CRITICAL - 2023-03-26 12:36:47 --> Trying to access array offset on value of type null
in APPPATH\Views\guest\katalog\detail.php on line 92.
 1 APPPATH\Views\guest\katalog\detail.php(92): CodeIgniter\Debug\Exceptions->errorHandler(8, 'Trying to access array offset on value of type null', 'APPPATH\\Views\\guest\\katalog\\detail.php', 92, [...])
 2 SYSTEMPATH\View\View.php(213): include('APPPATH\\Views\\guest\\katalog\\detail.php')
 3 SYSTEMPATH\View\View.php(216): CodeIgniter\View\View->CodeIgniter\View\{closure}()
 4 SYSTEMPATH\Common.php(1177): CodeIgniter\View\View->render('guest/katalog/detail', [], true)
 5 APPPATH\Controllers\Guest\Katalog.php(87): view('guest/katalog/detail', [...])
 6 SYSTEMPATH\CodeIgniter.php(934): App\Controllers\Guest\Katalog->detail('FCPATH\\assets', 'images', 'Instagram.png')
 7 SYSTEMPATH\CodeIgniter.php(499): CodeIgniter\CodeIgniter->runController(Object(App\Controllers\Guest\Katalog))
 8 SYSTEMPATH\CodeIgniter.php(368): CodeIgniter\CodeIgniter->handleRequest(null, Object(Config\Cache), false)
 9 FCPATH\index.php(67): CodeIgniter\CodeIgniter->run()
10 SYSTEMPATH\Commands\Server\rewrite.php(47): require_once('FCPATH\\index.php')
CRITICAL - 2023-03-26 12:36:48 --> Trying to access array offset on value of type null
in APPPATH\Views\guest\katalog\detail.php on line 92.
 1 APPPATH\Views\guest\katalog\detail.php(92): CodeIgniter\Debug\Exceptions->errorHandler(8, 'Trying to access array offset on value of type null', 'APPPATH\\Views\\guest\\katalog\\detail.php', 92, [...])
 2 SYSTEMPATH\View\View.php(213): include('APPPATH\\Views\\guest\\katalog\\detail.php')
 3 SYSTEMPATH\View\View.php(216): CodeIgniter\View\View->CodeIgniter\View\{closure}()
 4 SYSTEMPATH\Common.php(1177): CodeIgniter\View\View->render('guest/katalog/detail', [], true)
 5 APPPATH\Controllers\Guest\Katalog.php(87): view('guest/katalog/detail', [...])
 6 SYSTEMPATH\CodeIgniter.php(934): App\Controllers\Guest\Katalog->detail('FCPATH\\assets', 'images', 'Facebook.png')
 7 SYSTEMPATH\CodeIgniter.php(499): CodeIgniter\CodeIgniter->runController(Object(App\Controllers\Guest\Katalog))
 8 SYSTEMPATH\CodeIgniter.php(368): CodeIgniter\CodeIgniter->handleRequest(null, Object(Config\Cache), false)
 9 FCPATH\index.php(67): CodeIgniter\CodeIgniter->run()
10 SYSTEMPATH\Commands\Server\rewrite.php(47): require_once('FCPATH\\index.php')
CRITICAL - 2023-03-26 12:36:49 --> Trying to access array offset on value of type null
in APPPATH\Views\guest\katalog\detail.php on line 92.
 1 APPPATH\Views\guest\katalog\detail.php(92): CodeIgniter\Debug\Exceptions->errorHandler(8, 'Trying to access array offset on value of type null', 'APPPATH\\Views\\guest\\katalog\\detail.php', 92, [...])
 2 SYSTEMPATH\View\View.php(213): include('APPPATH\\Views\\guest\\katalog\\detail.php')
 3 SYSTEMPATH\View\View.php(216): CodeIgniter\View\View->CodeIgniter\View\{closure}()
 4 SYSTEMPATH\Common.php(1177): CodeIgniter\View\View->render('guest/katalog/detail', [], true)
 5 APPPATH\Controllers\Guest\Katalog.php(87): view('guest/katalog/detail', [...])
 6 SYSTEMPATH\CodeIgniter.php(934): App\Controllers\Guest\Katalog->detail('FCPATH\\assets', 'images', 'Lazada.png')
 7 SYSTEMPATH\CodeIgniter.php(499): CodeIgniter\CodeIgniter->runController(Object(App\Controllers\Guest\Katalog))
 8 SYSTEMPATH\CodeIgniter.php(368): CodeIgniter\CodeIgniter->handleRequest(null, Object(Config\Cache), false)
 9 FCPATH\index.php(67): CodeIgniter\CodeIgniter->run()
10 SYSTEMPATH\Commands\Server\rewrite.php(47): require_once('FCPATH\\index.php')
CRITICAL - 2023-03-26 12:36:50 --> Trying to access array offset on value of type null
in APPPATH\Views\guest\katalog\detail.php on line 92.
 1 APPPATH\Views\guest\katalog\detail.php(92): CodeIgniter\Debug\Exceptions->errorHandler(8, 'Trying to access array offset on value of type null', 'APPPATH\\Views\\guest\\katalog\\detail.php', 92, [...])
 2 SYSTEMPATH\View\View.php(213): include('APPPATH\\Views\\guest\\katalog\\detail.php')
 3 SYSTEMPATH\View\View.php(216): CodeIgniter\View\View->CodeIgniter\View\{closure}()
 4 SYSTEMPATH\Common.php(1177): CodeIgniter\View\View->render('guest/katalog/detail', [], true)
 5 APPPATH\Controllers\Guest\Katalog.php(87): view('guest/katalog/detail', [...])
 6 SYSTEMPATH\CodeIgniter.php(934): App\Controllers\Guest\Katalog->detail('FCPATH\\assets', 'images', 'Shopee.png')
 7 SYSTEMPATH\CodeIgniter.php(499): CodeIgniter\CodeIgniter->runController(Object(App\Controllers\Guest\Katalog))
 8 SYSTEMPATH\CodeIgniter.php(368): CodeIgniter\CodeIgniter->handleRequest(null, Object(Config\Cache), false)
 9 FCPATH\index.php(67): CodeIgniter\CodeIgniter->run()
10 SYSTEMPATH\Commands\Server\rewrite.php(47): require_once('FCPATH\\index.php')
CRITICAL - 2023-03-26 12:36:52 --> Trying to access array offset on value of type null
in APPPATH\Views\guest\katalog\detail.php on line 92.
 1 APPPATH\Views\guest\katalog\detail.php(92): CodeIgniter\Debug\Exceptions->errorHandler(8, 'Trying to access array offset on value of type null', 'APPPATH\\Views\\guest\\katalog\\detail.php', 92, [...])
 2 SYSTEMPATH\View\View.php(213): include('APPPATH\\Views\\guest\\katalog\\detail.php')
 3 SYSTEMPATH\View\View.php(216): CodeIgniter\View\View->CodeIgniter\View\{closure}()
 4 SYSTEMPATH\Common.php(1177): CodeIgniter\View\View->render('guest/katalog/detail', [], true)
 5 APPPATH\Controllers\Guest\Katalog.php(87): view('guest/katalog/detail', [...])
 6 SYSTEMPATH\CodeIgniter.php(934): App\Controllers\Guest\Katalog->detail('FCPATH\\assets', 'images', 'Tokopedia.png')
 7 SYSTEMPATH\CodeIgniter.php(499): CodeIgniter\CodeIgniter->runController(Object(App\Controllers\Guest\Katalog))
 8 SYSTEMPATH\CodeIgniter.php(368): CodeIgniter\CodeIgniter->handleRequest(null, Object(Config\Cache), false)
 9 FCPATH\index.php(67): CodeIgniter\CodeIgniter->run()
10 SYSTEMPATH\Commands\Server\rewrite.php(47): require_once('FCPATH\\index.php')
INFO - 2023-03-26 12:36:53 --> Session: Class initialized using 'CodeIgniter\Session\Handlers\FileHandler' driver.
INFO - 2023-03-26 12:36:55 --> Session: Class initialized using 'CodeIgniter\Session\Handlers\FileHandler' driver.
INFO - 2023-03-26 12:37:05 --> Session: Class initialized using 'CodeIgniter\Session\Handlers\FileHandler' driver.
INFO - 2023-03-26 12:37:07 --> Session: Class initialized using 'CodeIgniter\Session\Handlers\FileHandler' driver.
CRITICAL - 2023-03-26 12:37:22 --> Trying to access array offset on value of type null
in APPPATH\Views\guest\katalog\detail.php on line 92.
 1 APPPATH\Views\guest\katalog\detail.php(92): CodeIgniter\Debug\Exceptions->errorHandler(8, 'Trying to access array offset on value of type null', 'APPPATH\\Views\\guest\\katalog\\detail.php', 92, [...])
 2 SYSTEMPATH\View\View.php(213): include('APPPATH\\Views\\guest\\katalog\\detail.php')
 3 SYSTEMPATH\View\View.php(216): CodeIgniter\View\View->CodeIgniter\View\{closure}()
 4 SYSTEMPATH\Common.php(1177): CodeIgniter\View\View->render('guest/katalog/detail', [], true)
 5 APPPATH\Controllers\Guest\Katalog.php(87): view('guest/katalog/detail', [...])
 6 SYSTEMPATH\CodeIgniter.php(934): App\Controllers\Guest\Katalog->detail('FCPATH\\assets', 'images', 'Instagram.png')
 7 SYSTEMPATH\CodeIgniter.php(499): CodeIgniter\CodeIgniter->runController(Object(App\Controllers\Guest\Katalog))
 8 SYSTEMPATH\CodeIgniter.php(368): CodeIgniter\CodeIgniter->handleRequest(null, Object(Config\Cache), false)
 9 FCPATH\index.php(67): CodeIgniter\CodeIgniter->run()
10 SYSTEMPATH\Commands\Server\rewrite.php(47): require_once('FCPATH\\index.php')
CRITICAL - 2023-03-26 12:37:25 --> Trying to access array offset on value of type null
in APPPATH\Views\guest\katalog\detail.php on line 92.
 1 APPPATH\Views\guest\katalog\detail.php(92): CodeIgniter\Debug\Exceptions->errorHandler(8, 'Trying to access array offset on value of type null', 'APPPATH\\Views\\guest\\katalog\\detail.php', 92, [...])
 2 SYSTEMPATH\View\View.php(213): include('APPPATH\\Views\\guest\\katalog\\detail.php')
 3 SYSTEMPATH\View\View.php(216): CodeIgniter\View\View->CodeIgniter\View\{closure}()
 4 SYSTEMPATH\Common.php(1177): CodeIgniter\View\View->render('guest/katalog/detail', [], true)
 5 APPPATH\Controllers\Guest\Katalog.php(87): view('guest/katalog/detail', [...])
 6 SYSTEMPATH\CodeIgniter.php(934): App\Controllers\Guest\Katalog->detail('FCPATH\\assets', 'images', 'Facebook.png')
 7 SYSTEMPATH\CodeIgniter.php(499): CodeIgniter\CodeIgniter->runController(Object(App\Controllers\Guest\Katalog))
 8 SYSTEMPATH\CodeIgniter.php(368): CodeIgniter\CodeIgniter->handleRequest(null, Object(Config\Cache), false)
 9 FCPATH\index.php(67): CodeIgniter\CodeIgniter->run()
10 SYSTEMPATH\Commands\Server\rewrite.php(47): require_once('FCPATH\\index.php')
CRITICAL - 2023-03-26 12:37:27 --> Trying to access array offset on value of type null
in APPPATH\Views\guest\katalog\detail.php on line 92.
 1 APPPATH\Views\guest\katalog\detail.php(92): CodeIgniter\Debug\Exceptions->errorHandler(8, 'Trying to access array offset on value of type null', 'APPPATH\\Views\\guest\\katalog\\detail.php', 92, [...])
 2 SYSTEMPATH\View\View.php(213): include('APPPATH\\Views\\guest\\katalog\\detail.php')
 3 SYSTEMPATH\View\View.php(216): CodeIgniter\View\View->CodeIgniter\View\{closure}()
 4 SYSTEMPATH\Common.php(1177): CodeIgniter\View\View->render('guest/katalog/detail', [], true)
 5 APPPATH\Controllers\Guest\Katalog.php(87): view('guest/katalog/detail', [...])
 6 SYSTEMPATH\CodeIgniter.php(934): App\Controllers\Guest\Katalog->detail('FCPATH\\assets', 'images', 'Lazada.png')
 7 SYSTEMPATH\CodeIgniter.php(499): CodeIgniter\CodeIgniter->runController(Object(App\Controllers\Guest\Katalog))
 8 SYSTEMPATH\CodeIgniter.php(368): CodeIgniter\CodeIgniter->handleRequest(null, Object(Config\Cache), false)
 9 FCPATH\index.php(67): CodeIgniter\CodeIgniter->run()
10 SYSTEMPATH\Commands\Server\rewrite.php(47): require_once('FCPATH\\index.php')
CRITICAL - 2023-03-26 12:37:29 --> Trying to access array offset on value of type null
in APPPATH\Views\guest\katalog\detail.php on line 92.
 1 APPPATH\Views\guest\katalog\detail.php(92): CodeIgniter\Debug\Exceptions->errorHandler(8, 'Trying to access array offset on value of type null', 'APPPATH\\Views\\guest\\katalog\\detail.php', 92, [...])
 2 SYSTEMPATH\View\View.php(213): include('APPPATH\\Views\\guest\\katalog\\detail.php')
 3 SYSTEMPATH\View\View.php(216): CodeIgniter\View\View->CodeIgniter\View\{closure}()
 4 SYSTEMPATH\Common.php(1177): CodeIgniter\View\View->render('guest/katalog/detail', [], true)
 5 APPPATH\Controllers\Guest\Katalog.php(87): view('guest/katalog/detail', [...])
 6 SYSTEMPATH\CodeIgniter.php(934): App\Controllers\Guest\Katalog->detail('FCPATH\\assets', 'images', 'Shopee.png')
 7 SYSTEMPATH\CodeIgniter.php(499): CodeIgniter\CodeIgniter->runController(Object(App\Controllers\Guest\Katalog))
 8 SYSTEMPATH\CodeIgniter.php(368): CodeIgniter\CodeIgniter->handleRequest(null, Object(Config\Cache), false)
 9 FCPATH\index.php(67): CodeIgniter\CodeIgniter->run()
10 SYSTEMPATH\Commands\Server\rewrite.php(47): require_once('FCPATH\\index.php')
CRITICAL - 2023-03-26 12:37:30 --> Trying to access array offset on value of type null
in APPPATH\Views\guest\katalog\detail.php on line 92.
 1 APPPATH\Views\guest\katalog\detail.php(92): CodeIgniter\Debug\Exceptions->errorHandler(8, 'Trying to access array offset on value of type null', 'APPPATH\\Views\\guest\\katalog\\detail.php', 92, [...])
 2 SYSTEMPATH\View\View.php(213): include('APPPATH\\Views\\guest\\katalog\\detail.php')
 3 SYSTEMPATH\View\View.php(216): CodeIgniter\View\View->CodeIgniter\View\{closure}()
 4 SYSTEMPATH\Common.php(1177): CodeIgniter\View\View->render('guest/katalog/detail', [], true)
 5 APPPATH\Controllers\Guest\Katalog.php(87): view('guest/katalog/detail', [...])
 6 SYSTEMPATH\CodeIgniter.php(934): App\Controllers\Guest\Katalog->detail('FCPATH\\assets', 'images', 'Tokopedia.png')
 7 SYSTEMPATH\CodeIgniter.php(499): CodeIgniter\CodeIgniter->runController(Object(App\Controllers\Guest\Katalog))
 8 SYSTEMPATH\CodeIgniter.php(368): CodeIgniter\CodeIgniter->handleRequest(null, Object(Config\Cache), false)
 9 FCPATH\index.php(67): CodeIgniter\CodeIgniter->run()
10 SYSTEMPATH\Commands\Server\rewrite.php(47): require_once('FCPATH\\index.php')
INFO - 2023-03-26 12:37:32 --> Session: Class initialized using 'CodeIgniter\Session\Handlers\FileHandler' driver.
INFO - 2023-03-26 12:38:34 --> Session: Class initialized using 'CodeIgniter\Session\Handlers\FileHandler' driver.
INFO - 2023-03-26 12:38:54 --> Session: Class initialized using 'CodeIgniter\Session\Handlers\FileHandler' driver.
INFO - 2023-03-26 12:38:55 --> Session: Class initialized using 'CodeIgniter\Session\Handlers\FileHandler' driver.
INFO - 2023-03-26 12:39:07 --> Session: Class initialized using 'CodeIgniter\Session\Handlers\FileHandler' driver.
INFO - 2023-03-26 12:39:08 --> Session: Class initialized using 'CodeIgniter\Session\Handlers\FileHandler' driver.
INFO - 2023-03-26 12:39:09 --> Session: Class initialized using 'CodeIgniter\Session\Handlers\FileHandler' driver.
INFO - 2023-03-26 12:39:20 --> Session: Class initialized using 'CodeIgniter\Session\Handlers\FileHandler' driver.
INFO - 2023-03-26 12:39:30 --> Session: Class initialized using 'CodeIgniter\Session\Handlers\FileHandler' driver.
INFO - 2023-03-26 12:39:32 --> Session: Class initialized using 'CodeIgniter\Session\Handlers\FileHandler' driver.
INFO - 2023-03-26 12:39:41 --> Session: Class initialized using 'CodeIgniter\Session\Handlers\FileHandler' driver.
INFO - 2023-03-26 12:39:43 --> Session: Class initialized using 'CodeIgniter\Session\Handlers\FileHandler' driver.
INFO - 2023-03-26 12:39:50 --> Session: Class initialized using 'CodeIgniter\Session\Handlers\FileHandler' driver.
INFO - 2023-03-26 12:39:52 --> Session: Class initialized using 'CodeIgniter\Session\Handlers\FileHandler' driver.
INFO - 2023-03-26 12:39:57 --> Session: Class initialized using 'CodeIgniter\Session\Handlers\FileHandler' driver.
INFO - 2023-03-26 12:41:19 --> Session: Class initialized using 'CodeIgniter\Session\Handlers\FileHandler' driver.
INFO - 2023-03-26 12:41:20 --> Session: Class initialized using 'CodeIgniter\Session\Handlers\FileHandler' driver.
INFO - 2023-03-26 12:41:28 --> Session: Class initialized using 'CodeIgniter\Session\Handlers\FileHandler' driver.
INFO - 2023-03-26 12:41:34 --> Session: Class initialized using 'CodeIgniter\Session\Handlers\FileHandler' driver.
INFO - 2023-03-26 12:41:41 --> Session: Class initialized using 'CodeIgniter\Session\Handlers\FileHandler' driver.
INFO - 2023-03-26 12:41:46 --> Session: Class initialized using 'CodeIgniter\Session\Handlers\FileHandler' driver.
CRITICAL - 2023-03-26 12:41:57 --> Trying to access array offset on value of type null
in APPPATH\Views\guest\katalog\detail.php on line 92.
 1 APPPATH\Views\guest\katalog\detail.php(92): CodeIgniter\Debug\Exceptions->errorHandler(8, 'Trying to access array offset on value of type null', 'APPPATH\\Views\\guest\\katalog\\detail.php', 92, [...])
 2 SYSTEMPATH\View\View.php(213): include('APPPATH\\Views\\guest\\katalog\\detail.php')
 3 SYSTEMPATH\View\View.php(216): CodeIgniter\View\View->CodeIgniter\View\{closure}()
 4 SYSTEMPATH\Common.php(1177): CodeIgniter\View\View->render('guest/katalog/detail', [], true)
 5 APPPATH\Controllers\Guest\Katalog.php(87): view('guest/katalog/detail', [...])
 6 SYSTEMPATH\CodeIgniter.php(934): App\Controllers\Guest\Katalog->detail('FCPATH\\assets', 'images', 'Instagram.png')
 7 SYSTEMPATH\CodeIgniter.php(499): CodeIgniter\CodeIgniter->runController(Object(App\Controllers\Guest\Katalog))
 8 SYSTEMPATH\CodeIgniter.php(368): CodeIgniter\CodeIgniter->handleRequest(null, Object(Config\Cache), false)
 9 FCPATH\index.php(67): CodeIgniter\CodeIgniter->run()
10 SYSTEMPATH\Commands\Server\rewrite.php(47): require_once('FCPATH\\index.php')
CRITICAL - 2023-03-26 12:41:58 --> Trying to access array offset on value of type null
in APPPATH\Views\guest\katalog\detail.php on line 92.
 1 APPPATH\Views\guest\katalog\detail.php(92): CodeIgniter\Debug\Exceptions->errorHandler(8, 'Trying to access array offset on value of type null', 'APPPATH\\Views\\guest\\katalog\\detail.php', 92, [...])
 2 SYSTEMPATH\View\View.php(213): include('APPPATH\\Views\\guest\\katalog\\detail.php')
 3 SYSTEMPATH\View\View.php(216): CodeIgniter\View\View->CodeIgniter\View\{closure}()
 4 SYSTEMPATH\Common.php(1177): CodeIgniter\View\View->render('guest/katalog/detail', [], true)
 5 APPPATH\Controllers\Guest\Katalog.php(87): view('guest/katalog/detail', [...])
 6 SYSTEMPATH\CodeIgniter.php(934): App\Controllers\Guest\Katalog->detail('FCPATH\\assets', 'images', 'Facebook.png')
 7 SYSTEMPATH\CodeIgniter.php(499): CodeIgniter\CodeIgniter->runController(Object(App\Controllers\Guest\Katalog))
 8 SYSTEMPATH\CodeIgniter.php(368): CodeIgniter\CodeIgniter->handleRequest(null, Object(Config\Cache), false)
 9 FCPATH\index.php(67): CodeIgniter\CodeIgniter->run()
10 SYSTEMPATH\Commands\Server\rewrite.php(47): require_once('FCPATH\\index.php')
CRITICAL - 2023-03-26 12:42:01 --> Trying to access array offset on value of type null
in APPPATH\Views\guest\katalog\detail.php on line 92.
 1 APPPATH\Views\guest\katalog\detail.php(92): CodeIgniter\Debug\Exceptions->errorHandler(8, 'Trying to access array offset on value of type null', 'APPPATH\\Views\\guest\\katalog\\detail.php', 92, [...])
 2 SYSTEMPATH\View\View.php(213): include('APPPATH\\Views\\guest\\katalog\\detail.php')
 3 SYSTEMPATH\View\View.php(216): CodeIgniter\View\View->CodeIgniter\View\{closure}()
 4 SYSTEMPATH\Common.php(1177): CodeIgniter\View\View->render('guest/katalog/detail', [], true)
 5 APPPATH\Controllers\Guest\Katalog.php(87): view('guest/katalog/detail', [...])
 6 SYSTEMPATH\CodeIgniter.php(934): App\Controllers\Guest\Katalog->detail('FCPATH\\assets', 'images', 'Lazada.png')
 7 SYSTEMPATH\CodeIgniter.php(499): CodeIgniter\CodeIgniter->runController(Object(App\Controllers\Guest\Katalog))
 8 SYSTEMPATH\CodeIgniter.php(368): CodeIgniter\CodeIgniter->handleRequest(null, Object(Config\Cache), false)
 9 FCPATH\index.php(67): CodeIgniter\CodeIgniter->run()
10 SYSTEMPATH\Commands\Server\rewrite.php(47): require_once('FCPATH\\index.php')
CRITICAL - 2023-03-26 12:42:05 --> Trying to access array offset on value of type null
in APPPATH\Views\guest\katalog\detail.php on line 92.
 1 APPPATH\Views\guest\katalog\detail.php(92): CodeIgniter\Debug\Exceptions->errorHandler(8, 'Trying to access array offset on value of type null', 'APPPATH\\Views\\guest\\katalog\\detail.php', 92, [...])
 2 SYSTEMPATH\View\View.php(213): include('APPPATH\\Views\\guest\\katalog\\detail.php')
 3 SYSTEMPATH\View\View.php(216): CodeIgniter\View\View->CodeIgniter\View\{closure}()
 4 SYSTEMPATH\Common.php(1177): CodeIgniter\View\View->render('guest/katalog/detail', [], true)
 5 APPPATH\Controllers\Guest\Katalog.php(87): view('guest/katalog/detail', [...])
 6 SYSTEMPATH\CodeIgniter.php(934): App\Controllers\Guest\Katalog->detail('FCPATH\\assets', 'images', 'Shopee.png')
 7 SYSTEMPATH\CodeIgniter.php(499): CodeIgniter\CodeIgniter->runController(Object(App\Controllers\Guest\Katalog))
 8 SYSTEMPATH\CodeIgniter.php(368): CodeIgniter\CodeIgniter->handleRequest(null, Object(Config\Cache), false)
 9 FCPATH\index.php(67): CodeIgniter\CodeIgniter->run()
10 SYSTEMPATH\Commands\Server\rewrite.php(47): require_once('FCPATH\\index.php')
CRITICAL - 2023-03-26 12:42:06 --> Trying to access array offset on value of type null
in APPPATH\Views\guest\katalog\detail.php on line 92.
 1 APPPATH\Views\guest\katalog\detail.php(92): CodeIgniter\Debug\Exceptions->errorHandler(8, 'Trying to access array offset on value of type null', 'APPPATH\\Views\\guest\\katalog\\detail.php', 92, [...])
 2 SYSTEMPATH\View\View.php(213): include('APPPATH\\Views\\guest\\katalog\\detail.php')
 3 SYSTEMPATH\View\View.php(216): CodeIgniter\View\View->CodeIgniter\View\{closure}()
 4 SYSTEMPATH\Common.php(1177): CodeIgniter\View\View->render('guest/katalog/detail', [], true)
 5 APPPATH\Controllers\Guest\Katalog.php(87): view('guest/katalog/detail', [...])
 6 SYSTEMPATH\CodeIgniter.php(934): App\Controllers\Guest\Katalog->detail('FCPATH\\assets', 'images', 'Tokopedia.png')
 7 SYSTEMPATH\CodeIgniter.php(499): CodeIgniter\CodeIgniter->runController(Object(App\Controllers\Guest\Katalog))
 8 SYSTEMPATH\CodeIgniter.php(368): CodeIgniter\CodeIgniter->handleRequest(null, Object(Config\Cache), false)
 9 FCPATH\index.php(67): CodeIgniter\CodeIgniter->run()
10 SYSTEMPATH\Commands\Server\rewrite.php(47): require_once('FCPATH\\index.php')
INFO - 2023-03-26 12:42:07 --> Session: Class initialized using 'CodeIgniter\Session\Handlers\FileHandler' driver.
INFO - 2023-03-26 12:42:09 --> Session: Class initialized using 'CodeIgniter\Session\Handlers\FileHandler' driver.
INFO - 2023-03-26 12:44:25 --> Session: Class initialized using 'CodeIgniter\Session\Handlers\FileHandler' driver.
INFO - 2023-03-26 12:44:26 --> Session: Class initialized using 'CodeIgniter\Session\Handlers\FileHandler' driver.
INFO - 2023-03-26 12:44:52 --> Session: Class initialized using 'CodeIgniter\Session\Handlers\FileHandler' driver.
